mode: set
github.com/emergent/emergent-core/domain/apitoken/entity.go:62.40,72.2 1 1
github.com/emergent/emergent-core/domain/apitoken/handler.go:18.40,20.2 1 0
github.com/emergent/emergent-core/domain/apitoken/handler.go:24.48,26.17 2 0
github.com/emergent/emergent-core/domain/apitoken/handler.go:26.17,28.3 1 0
github.com/emergent/emergent-core/domain/apitoken/handler.go:30.2,31.21 2 0
github.com/emergent/emergent-core/domain/apitoken/handler.go:31.21,33.3 1 0
github.com/emergent/emergent-core/domain/apitoken/handler.go:35.2,36.37 2 0
github.com/emergent/emergent-core/domain/apitoken/handler.go:36.37,38.3 1 0
github.com/emergent/emergent-core/domain/apitoken/handler.go:41.2,41.20 1 0
github.com/emergent/emergent-core/domain/apitoken/handler.go:41.20,43.3 1 0
github.com/emergent/emergent-core/domain/apitoken/handler.go:44.2,44.25 1 0
github.com/emergent/emergent-core/domain/apitoken/handler.go:44.25,46.3 1 0
github.com/emergent/emergent-core/domain/apitoken/handler.go:47.2,47.26 1 0
github.com/emergent/emergent-core/domain/apitoken/handler.go:47.26,49.3 1 0
github.com/emergent/emergent-core/domain/apitoken/handler.go:51.2,52.16 2 0
github.com/emergent/emergent-core/domain/apitoken/handler.go:52.16,54.3 1 0
github.com/emergent/emergent-core/domain/apitoken/handler.go:56.2,56.43 1 0
github.com/emergent/emergent-core/domain/apitoken/handler.go:61.46,63.17 2 0
github.com/emergent/emergent-core/domain/apitoken/handler.go:63.17,65.3 1 0
github.com/emergent/emergent-core/domain/apitoken/handler.go:67.2,68.21 2 0
github.com/emergent/emergent-core/domain/apitoken/handler.go:68.21,70.3 1 0
github.com/emergent/emergent-core/domain/apitoken/handler.go:72.2,73.16 2 0
github.com/emergent/emergent-core/domain/apitoken/handler.go:73.16,75.3 1 0
github.com/emergent/emergent-core/domain/apitoken/handler.go:77.2,77.38 1 0
github.com/emergent/emergent-core/domain/apitoken/handler.go:82.45,84.17 2 0
github.com/emergent/emergent-core/domain/apitoken/handler.go:84.17,86.3 1 0
github.com/emergent/emergent-core/domain/apitoken/handler.go:88.2,91.38 3 0
github.com/emergent/emergent-core/domain/apitoken/handler.go:91.38,93.3 1 0
github.com/emergent/emergent-core/domain/apitoken/handler.go:95.2,96.16 2 0
github.com/emergent/emergent-core/domain/apitoken/handler.go:96.16,98.3 1 0
github.com/emergent/emergent-core/domain/apitoken/handler.go:99.2,99.19 1 0
github.com/emergent/emergent-core/domain/apitoken/handler.go:99.19,101.3 1 0
github.com/emergent/emergent-core/domain/apitoken/handler.go:103.2,103.38 1 0
github.com/emergent/emergent-core/domain/apitoken/handler.go:108.48,110.17 2 0
github.com/emergent/emergent-core/domain/apitoken/handler.go:110.17,112.3 1 0
github.com/emergent/emergent-core/domain/apitoken/handler.go:114.2,117.38 3 0
github.com/emergent/emergent-core/domain/apitoken/handler.go:117.38,119.3 1 0
github.com/emergent/emergent-core/domain/apitoken/handler.go:121.2,121.89 1 0
github.com/emergent/emergent-core/domain/apitoken/handler.go:121.89,123.3 1 0
github.com/emergent/emergent-core/domain/apitoken/handler.go:125.2,125.70 1 0
github.com/emergent/emergent-core/domain/apitoken/repository.go:21.62,26.2 1 0
github.com/emergent/emergent-core/domain/apitoken/repository.go:29.73,33.16 2 0
github.com/emergent/emergent-core/domain/apitoken/repository.go:33.16,35.3 1 0
github.com/emergent/emergent-core/domain/apitoken/repository.go:36.2,36.12 1 0
github.com/emergent/emergent-core/domain/apitoken/repository.go:41.107,49.16 3 0
github.com/emergent/emergent-core/domain/apitoken/repository.go:49.16,50.27 1 0
github.com/emergent/emergent-core/domain/apitoken/repository.go:50.27,52.4 1 0
github.com/emergent/emergent-core/domain/apitoken/repository.go:53.3,53.53 1 0
github.com/emergent/emergent-core/domain/apitoken/repository.go:55.2,55.20 1 0
github.com/emergent/emergent-core/domain/apitoken/repository.go:59.95,67.16 3 0
github.com/emergent/emergent-core/domain/apitoken/repository.go:67.16,69.3 1 0
github.com/emergent/emergent-core/domain/apitoken/repository.go:70.2,70.20 1 0
github.com/emergent/emergent-core/domain/apitoken/repository.go:74.97,82.16 3 0
github.com/emergent/emergent-core/domain/apitoken/repository.go:82.16,83.27 1 0
github.com/emergent/emergent-core/domain/apitoken/repository.go:83.27,85.4 1 0
github.com/emergent/emergent-core/domain/apitoken/repository.go:86.3,86.53 1 0
github.com/emergent/emergent-core/domain/apitoken/repository.go:88.2,88.20 1 0
github.com/emergent/emergent-core/domain/apitoken/repository.go:92.91,101.16 2 0
github.com/emergent/emergent-core/domain/apitoken/repository.go:101.16,103.3 1 0
github.com/emergent/emergent-core/domain/apitoken/repository.go:105.2,106.16 2 0
github.com/emergent/emergent-core/domain/apitoken/repository.go:106.16,108.3 1 0
github.com/emergent/emergent-core/domain/apitoken/repository.go:110.2,110.22 1 0
github.com/emergent/emergent-core/domain/apitoken/routes.go:10.80,20.2 7 0
github.com/emergent/emergent-core/domain/apitoken/service.go:28.62,33.2 1 0
github.com/emergent/emergent-core/domain/apitoken/service.go:37.38,39.44 2 1
github.com/emergent/emergent-core/domain/apitoken/service.go:39.44,41.3 1 0
github.com/emergent/emergent-core/domain/apitoken/service.go:42.2,42.53 1 1
github.com/emergent/emergent-core/domain/apitoken/service.go:46.37,49.2 2 1
github.com/emergent/emergent-core/domain/apitoken/service.go:52.42,53.21 1 1
github.com/emergent/emergent-core/domain/apitoken/service.go:53.21,55.3 1 1
github.com/emergent/emergent-core/domain/apitoken/service.go:56.2,56.19 1 1
github.com/emergent/emergent-core/domain/apitoken/service.go:60.132,62.31 1 0
github.com/emergent/emergent-core/domain/apitoken/service.go:62.31,64.50 2 0
github.com/emergent/emergent-core/domain/apitoken/service.go:64.50,65.27 1 0
github.com/emergent/emergent-core/domain/apitoken/service.go:65.27,67.10 2 0
github.com/emergent/emergent-core/domain/apitoken/service.go:70.3,70.13 1 0
github.com/emergent/emergent-core/domain/apitoken/service.go:70.13,72.4 1 0
github.com/emergent/emergent-core/domain/apitoken/service.go:76.2,77.16 2 0
github.com/emergent/emergent-core/domain/apitoken/service.go:77.16,79.3 1 0
github.com/emergent/emergent-core/domain/apitoken/service.go:80.2,80.21 1 0
github.com/emergent/emergent-core/domain/apitoken/service.go:80.21,82.3 1 0
github.com/emergent/emergent-core/domain/apitoken/service.go:85.2,86.16 2 0
github.com/emergent/emergent-core/domain/apitoken/service.go:86.16,88.3 1 0
github.com/emergent/emergent-core/domain/apitoken/service.go:91.2,100.50 2 0
github.com/emergent/emergent-core/domain/apitoken/service.go:100.50,102.3 1 0
github.com/emergent/emergent-core/domain/apitoken/service.go:104.2,112.8 2 0
github.com/emergent/emergent-core/domain/apitoken/service.go:116.106,118.16 2 0
github.com/emergent/emergent-core/domain/apitoken/service.go:118.16,120.3 1 0
github.com/emergent/emergent-core/domain/apitoken/service.go:122.2,123.27 2 0
github.com/emergent/emergent-core/domain/apitoken/service.go:123.27,125.3 1 0
github.com/emergent/emergent-core/domain/apitoken/service.go:127.2,130.8 1 0
github.com/emergent/emergent-core/domain/apitoken/service.go:134.97,136.16 2 0
github.com/emergent/emergent-core/domain/apitoken/service.go:136.16,138.3 1 0
github.com/emergent/emergent-core/domain/apitoken/service.go:139.2,139.18 1 0
github.com/emergent/emergent-core/domain/apitoken/service.go:139.18,141.3 1 0
github.com/emergent/emergent-core/domain/apitoken/service.go:143.2,144.18 2 0
github.com/emergent/emergent-core/domain/apitoken/service.go:148.88,151.16 2 0
github.com/emergent/emergent-core/domain/apitoken/service.go:151.16,153.3 1 0
github.com/emergent/emergent-core/domain/apitoken/service.go:154.2,154.18 1 0
github.com/emergent/emergent-core/domain/apitoken/service.go:154.18,156.3 1 0
github.com/emergent/emergent-core/domain/apitoken/service.go:159.2,159.28 1 0
github.com/emergent/emergent-core/domain/apitoken/service.go:159.28,161.3 1 0
github.com/emergent/emergent-core/domain/apitoken/service.go:164.2,165.16 2 0
github.com/emergent/emergent-core/domain/apitoken/service.go:165.16,167.3 1 0
github.com/emergent/emergent-core/domain/apitoken/service.go:168.2,168.14 1 0
github.com/emergent/emergent-core/domain/apitoken/service.go:168.14,170.3 1 0
github.com/emergent/emergent-core/domain/apitoken/service.go:172.2,177.12 2 0
github.com/emergent/emergent-core/domain/chat/handler.go:25.66,27.2 1 0
github.com/emergent/emergent-core/domain/chat/handler.go:30.59,32.17 2 0
github.com/emergent/emergent-core/domain/chat/handler.go:32.17,34.3 1 0
github.com/emergent/emergent-core/domain/chat/handler.go:36.2,36.26 1 0
github.com/emergent/emergent-core/domain/chat/handler.go:36.26,38.3 1 0
github.com/emergent/emergent-core/domain/chat/handler.go:41.2,42.55 2 0
github.com/emergent/emergent-core/domain/chat/handler.go:42.55,44.47 2 0
github.com/emergent/emergent-core/domain/chat/handler.go:44.47,46.4 1 0
github.com/emergent/emergent-core/domain/chat/handler.go:47.3,47.17 1 0
github.com/emergent/emergent-core/domain/chat/handler.go:50.2,51.58 2 0
github.com/emergent/emergent-core/domain/chat/handler.go:51.58,53.31 2 0
github.com/emergent/emergent-core/domain/chat/handler.go:53.31,55.4 1 0
github.com/emergent/emergent-core/domain/chat/handler.go:56.3,56.18 1 0
github.com/emergent/emergent-core/domain/chat/handler.go:60.2,61.16 2 0
github.com/emergent/emergent-core/domain/chat/handler.go:61.16,63.3 1 0
github.com/emergent/emergent-core/domain/chat/handler.go:65.2,65.38 1 0
github.com/emergent/emergent-core/domain/chat/handler.go:69.57,71.17 2 0
github.com/emergent/emergent-core/domain/chat/handler.go:71.17,73.3 1 0
github.com/emergent/emergent-core/domain/chat/handler.go:75.2,75.26 1 0
github.com/emergent/emergent-core/domain/chat/handler.go:75.26,77.3 1 0
github.com/emergent/emergent-core/domain/chat/handler.go:79.2,80.16 2 0
github.com/emergent/emergent-core/domain/chat/handler.go:80.16,82.3 1 0
github.com/emergent/emergent-core/domain/chat/handler.go:85.2,86.16 2 0
github.com/emergent/emergent-core/domain/chat/handler.go:86.16,88.3 1 0
github.com/emergent/emergent-core/domain/chat/handler.go:90.2,90.36 1 0
github.com/emergent/emergent-core/domain/chat/handler.go:94.60,96.17 2 0
github.com/emergent/emergent-core/domain/chat/handler.go:96.17,98.3 1 0
github.com/emergent/emergent-core/domain/chat/handler.go:100.2,100.26 1 0
github.com/emergent/emergent-core/domain/chat/handler.go:100.26,102.3 1 0
github.com/emergent/emergent-core/domain/chat/handler.go:104.2,105.37 2 0
github.com/emergent/emergent-core/domain/chat/handler.go:105.37,107.3 1 0
github.com/emergent/emergent-core/domain/chat/handler.go:110.2,110.64 1 0
github.com/emergent/emergent-core/domain/chat/handler.go:110.64,112.3 1 0
github.com/emergent/emergent-core/domain/chat/handler.go:115.2,116.16 2 0
github.com/emergent/emergent-core/domain/chat/handler.go:116.16,118.3 1 0
github.com/emergent/emergent-core/domain/chat/handler.go:120.2,120.41 1 0
github.com/emergent/emergent-core/domain/chat/handler.go:124.60,126.17 2 0
github.com/emergent/emergent-core/domain/chat/handler.go:126.17,128.3 1 0
github.com/emergent/emergent-core/domain/chat/handler.go:130.2,130.26 1 0
github.com/emergent/emergent-core/domain/chat/handler.go:130.26,132.3 1 0
github.com/emergent/emergent-core/domain/chat/handler.go:134.2,135.16 2 0
github.com/emergent/emergent-core/domain/chat/handler.go:135.16,137.3 1 0
github.com/emergent/emergent-core/domain/chat/handler.go:139.2,140.37 2 0
github.com/emergent/emergent-core/domain/chat/handler.go:140.37,142.3 1 0
github.com/emergent/emergent-core/domain/chat/handler.go:145.2,145.64 1 0
github.com/emergent/emergent-core/domain/chat/handler.go:145.64,147.3 1 0
github.com/emergent/emergent-core/domain/chat/handler.go:149.2,150.16 2 0
github.com/emergent/emergent-core/domain/chat/handler.go:150.16,152.3 1 0
github.com/emergent/emergent-core/domain/chat/handler.go:154.2,154.36 1 0
github.com/emergent/emergent-core/domain/chat/handler.go:158.60,160.17 2 0
github.com/emergent/emergent-core/domain/chat/handler.go:160.17,162.3 1 0
github.com/emergent/emergent-core/domain/chat/handler.go:164.2,164.26 1 0
github.com/emergent/emergent-core/domain/chat/handler.go:164.26,166.3 1 0
github.com/emergent/emergent-core/domain/chat/handler.go:168.2,169.16 2 0
github.com/emergent/emergent-core/domain/chat/handler.go:169.16,171.3 1 0
github.com/emergent/emergent-core/domain/chat/handler.go:173.2,173.104 1 0
github.com/emergent/emergent-core/domain/chat/handler.go:173.104,175.3 1 0
github.com/emergent/emergent-core/domain/chat/handler.go:177.2,177.70 1 0
github.com/emergent/emergent-core/domain/chat/handler.go:181.52,183.17 2 0
github.com/emergent/emergent-core/domain/chat/handler.go:183.17,185.3 1 0
github.com/emergent/emergent-core/domain/chat/handler.go:187.2,187.26 1 0
github.com/emergent/emergent-core/domain/chat/handler.go:187.26,189.3 1 0
github.com/emergent/emergent-core/domain/chat/handler.go:191.2,192.16 2 0
github.com/emergent/emergent-core/domain/chat/handler.go:192.16,194.3 1 0
github.com/emergent/emergent-core/domain/chat/handler.go:196.2,197.37 2 0
github.com/emergent/emergent-core/domain/chat/handler.go:197.37,199.3 1 0
github.com/emergent/emergent-core/domain/chat/handler.go:202.2,202.56 1 0
github.com/emergent/emergent-core/domain/chat/handler.go:202.56,204.3 1 0
github.com/emergent/emergent-core/domain/chat/handler.go:206.2,207.16 2 0
github.com/emergent/emergent-core/domain/chat/handler.go:207.16,209.3 1 0
github.com/emergent/emergent-core/domain/chat/handler.go:211.2,211.40 1 0
github.com/emergent/emergent-core/domain/chat/handler.go:216.78,217.21 1 1
github.com/emergent/emergent-core/domain/chat/handler.go:217.21,219.3 1 1
github.com/emergent/emergent-core/domain/chat/handler.go:220.2,220.26 1 1
github.com/emergent/emergent-core/domain/chat/handler.go:220.26,222.3 1 1
github.com/emergent/emergent-core/domain/chat/handler.go:223.2,223.23 1 1
github.com/emergent/emergent-core/domain/chat/handler.go:223.23,225.3 1 1
github.com/emergent/emergent-core/domain/chat/handler.go:226.2,226.31 1 1
github.com/emergent/emergent-core/domain/chat/handler.go:226.31,228.3 1 1
github.com/emergent/emergent-core/domain/chat/handler.go:229.2,229.28 1 1
github.com/emergent/emergent-core/domain/chat/handler.go:229.28,230.57 1 1
github.com/emergent/emergent-core/domain/chat/handler.go:230.57,232.4 1 1
github.com/emergent/emergent-core/domain/chat/handler.go:234.2,234.12 1 1
github.com/emergent/emergent-core/domain/chat/handler.go:237.78,238.47 1 1
github.com/emergent/emergent-core/domain/chat/handler.go:238.47,240.3 1 1
github.com/emergent/emergent-core/domain/chat/handler.go:241.2,241.58 1 1
github.com/emergent/emergent-core/domain/chat/handler.go:241.58,243.3 1 1
github.com/emergent/emergent-core/domain/chat/handler.go:244.2,244.12 1 1
github.com/emergent/emergent-core/domain/chat/handler.go:247.62,253.27 2 1
github.com/emergent/emergent-core/domain/chat/handler.go:253.27,255.3 1 1
github.com/emergent/emergent-core/domain/chat/handler.go:256.2,256.23 1 1
github.com/emergent/emergent-core/domain/chat/handler.go:256.23,258.3 1 1
github.com/emergent/emergent-core/domain/chat/handler.go:259.2,259.31 1 1
github.com/emergent/emergent-core/domain/chat/handler.go:259.31,261.3 1 1
github.com/emergent/emergent-core/domain/chat/handler.go:262.2,262.12 1 1
github.com/emergent/emergent-core/domain/chat/handler.go:265.54,266.42 1 1
github.com/emergent/emergent-core/domain/chat/handler.go:266.42,268.3 1 1
github.com/emergent/emergent-core/domain/chat/handler.go:269.2,269.31 1 1
github.com/emergent/emergent-core/domain/chat/handler.go:269.31,271.3 1 1
github.com/emergent/emergent-core/domain/chat/handler.go:272.2,272.31 1 1
github.com/emergent/emergent-core/domain/chat/handler.go:272.31,273.60 1 1
github.com/emergent/emergent-core/domain/chat/handler.go:273.60,275.4 1 1
github.com/emergent/emergent-core/domain/chat/handler.go:277.2,277.28 1 1
github.com/emergent/emergent-core/domain/chat/handler.go:277.28,278.57 1 1
github.com/emergent/emergent-core/domain/chat/handler.go:278.57,280.4 1 1
github.com/emergent/emergent-core/domain/chat/handler.go:282.2,282.12 1 1
github.com/emergent/emergent-core/domain/chat/handler.go:287.52,289.17 2 0
github.com/emergent/emergent-core/domain/chat/handler.go:289.17,291.3 1 0
github.com/emergent/emergent-core/domain/chat/handler.go:293.2,293.26 1 0
github.com/emergent/emergent-core/domain/chat/handler.go:293.26,295.3 1 0
github.com/emergent/emergent-core/domain/chat/handler.go:299.2,300.37 2 0
github.com/emergent/emergent-core/domain/chat/handler.go:300.37,302.3 1 0
github.com/emergent/emergent-core/domain/chat/handler.go:303.2,303.52 1 0
github.com/emergent/emergent-core/domain/chat/handler.go:303.52,305.3 1 0
github.com/emergent/emergent-core/domain/chat/handler.go:307.2,312.31 4 0
github.com/emergent/emergent-core/domain/chat/handler.go:312.31,316.17 3 0
github.com/emergent/emergent-core/domain/chat/handler.go:316.17,318.4 1 0
github.com/emergent/emergent-core/domain/chat/handler.go:319.3,326.17 3 0
github.com/emergent/emergent-core/domain/chat/handler.go:326.17,328.4 1 0
github.com/emergent/emergent-core/domain/chat/handler.go:329.8,332.22 2 0
github.com/emergent/emergent-core/domain/chat/handler.go:332.22,334.4 1 0
github.com/emergent/emergent-core/domain/chat/handler.go:336.3,342.17 3 0
github.com/emergent/emergent-core/domain/chat/handler.go:342.17,344.4 1 0
github.com/emergent/emergent-core/domain/chat/handler.go:345.3,345.19 1 0
github.com/emergent/emergent-core/domain/chat/handler.go:349.2,351.42 3 0
github.com/emergent/emergent-core/domain/chat/handler.go:351.42,353.3 1 0
github.com/emergent/emergent-core/domain/chat/handler.go:356.2,357.55 2 0
github.com/emergent/emergent-core/domain/chat/handler.go:357.55,360.3 1 0
github.com/emergent/emergent-core/domain/chat/handler.go:363.2,363.49 1 0
github.com/emergent/emergent-core/domain/chat/handler.go:363.49,365.26 1 0
github.com/emergent/emergent-core/domain/chat/handler.go:365.26,367.13 2 0
github.com/emergent/emergent-core/domain/chat/handler.go:367.13,369.5 1 0
github.com/emergent/emergent-core/domain/chat/handler.go:371.3,373.13 3 0
github.com/emergent/emergent-core/domain/chat/handler.go:377.2,377.54 1 0
github.com/emergent/emergent-core/domain/chat/handler.go:377.54,384.3 5 0
github.com/emergent/emergent-core/domain/chat/handler.go:387.2,388.24 2 0
github.com/emergent/emergent-core/domain/chat/handler.go:388.24,390.3 1 0
github.com/emergent/emergent-core/domain/chat/handler.go:393.2,397.24 2 0
github.com/emergent/emergent-core/domain/chat/handler.go:397.24,400.3 2 0
github.com/emergent/emergent-core/domain/chat/handler.go:402.2,402.16 1 0
github.com/emergent/emergent-core/domain/chat/handler.go:402.16,405.3 1 0
github.com/emergent/emergent-core/domain/chat/handler.go:405.8,407.13 1 0
github.com/emergent/emergent-core/domain/chat/handler.go:407.13,413.4 1 0
github.com/emergent/emergent-core/domain/chat/handler.go:417.2,420.12 3 0
github.com/emergent/emergent-core/domain/chat/module.go:26.81,29.26 2 0
github.com/emergent/emergent-core/domain/chat/module.go:29.26,32.3 2 0
github.com/emergent/emergent-core/domain/chat/module.go:34.2,43.16 2 0
github.com/emergent/emergent-core/domain/chat/module.go:43.16,47.3 2 0
github.com/emergent/emergent-core/domain/chat/module.go:49.2,55.20 2 0
github.com/emergent/emergent-core/domain/chat/repository.go:24.62,29.2 1 0
github.com/emergent/emergent-core/domain/chat/repository.go:32.127,34.23 1 0
github.com/emergent/emergent-core/domain/chat/repository.go:34.23,36.3 1 0
github.com/emergent/emergent-core/domain/chat/repository.go:37.2,37.24 1 0
github.com/emergent/emergent-core/domain/chat/repository.go:37.24,39.3 1 0
github.com/emergent/emergent-core/domain/chat/repository.go:42.2,47.31 2 0
github.com/emergent/emergent-core/domain/chat/repository.go:47.31,49.3 1 0
github.com/emergent/emergent-core/domain/chat/repository.go:52.2,56.16 2 0
github.com/emergent/emergent-core/domain/chat/repository.go:56.16,58.3 1 0
github.com/emergent/emergent-core/domain/chat/repository.go:61.2,66.56 3 0
github.com/emergent/emergent-core/domain/chat/repository.go:66.56,68.3 1 0
github.com/emergent/emergent-core/domain/chat/repository.go:70.2,73.8 1 0
github.com/emergent/emergent-core/domain/chat/repository.go:77.118,85.16 3 0
github.com/emergent/emergent-core/domain/chat/repository.go:85.16,86.27 1 0
github.com/emergent/emergent-core/domain/chat/repository.go:86.27,88.4 1 0
github.com/emergent/emergent-core/domain/chat/repository.go:89.3,89.54 1 0
github.com/emergent/emergent-core/domain/chat/repository.go:92.2,92.19 1 0
github.com/emergent/emergent-core/domain/chat/repository.go:96.130,100.66 2 0
github.com/emergent/emergent-core/domain/chat/repository.go:100.66,102.4 1 0
github.com/emergent/emergent-core/domain/chat/repository.go:107.2,107.16 1 0
github.com/emergent/emergent-core/domain/chat/repository.go:107.16,108.27 1 0
github.com/emergent/emergent-core/domain/chat/repository.go:108.27,110.4 1 0
github.com/emergent/emergent-core/domain/chat/repository.go:111.3,111.68 1 0
github.com/emergent/emergent-core/domain/chat/repository.go:114.2,114.19 1 0
github.com/emergent/emergent-core/domain/chat/repository.go:118.124,126.16 3 0
github.com/emergent/emergent-core/domain/chat/repository.go:126.16,127.27 1 0
github.com/emergent/emergent-core/domain/chat/repository.go:127.27,129.4 1 0
github.com/emergent/emergent-core/domain/chat/repository.go:130.3,130.70 1 0
github.com/emergent/emergent-core/domain/chat/repository.go:133.2,133.19 1 0
github.com/emergent/emergent-core/domain/chat/repository.go:137.76,143.16 2 0
github.com/emergent/emergent-core/domain/chat/repository.go:143.16,144.37 1 0
github.com/emergent/emergent-core/domain/chat/repository.go:144.37,146.4 1 0
github.com/emergent/emergent-core/domain/chat/repository.go:147.3,147.41 1 0
github.com/emergent/emergent-core/domain/chat/repository.go:147.41,149.4 1 0
github.com/emergent/emergent-core/domain/chat/repository.go:150.3,151.48 2 0
github.com/emergent/emergent-core/domain/chat/repository.go:154.2,154.12 1 0
github.com/emergent/emergent-core/domain/chat/repository.go:158.94,166.16 2 0
github.com/emergent/emergent-core/domain/chat/repository.go:166.16,169.3 2 0
github.com/emergent/emergent-core/domain/chat/repository.go:171.2,172.23 2 0
github.com/emergent/emergent-core/domain/chat/repository.go:172.23,174.3 1 0
github.com/emergent/emergent-core/domain/chat/repository.go:176.2,176.12 1 0
github.com/emergent/emergent-core/domain/chat/repository.go:180.108,187.16 2 0
github.com/emergent/emergent-core/domain/chat/repository.go:187.16,190.3 2 0
github.com/emergent/emergent-core/domain/chat/repository.go:192.2,193.30 2 0
github.com/emergent/emergent-core/domain/chat/repository.go:197.74,203.16 2 0
github.com/emergent/emergent-core/domain/chat/repository.go:203.16,204.41 1 0
github.com/emergent/emergent-core/domain/chat/repository.go:204.41,206.4 1 0
github.com/emergent/emergent-core/domain/chat/repository.go:207.3,208.48 2 0
github.com/emergent/emergent-core/domain/chat/repository.go:212.2,218.16 2 0
github.com/emergent/emergent-core/domain/chat/repository.go:218.16,221.3 1 0
github.com/emergent/emergent-core/domain/chat/repository.go:223.2,223.12 1 0
github.com/emergent/emergent-core/domain/chat/repository.go:227.111,228.16 1 0
github.com/emergent/emergent-core/domain/chat/repository.go:228.16,230.3 1 0
github.com/emergent/emergent-core/domain/chat/repository.go:231.2,231.18 1 0
github.com/emergent/emergent-core/domain/chat/repository.go:231.18,233.3 1 0
github.com/emergent/emergent-core/domain/chat/repository.go:235.2,243.16 3 0
github.com/emergent/emergent-core/domain/chat/repository.go:243.16,245.3 1 0
github.com/emergent/emergent-core/domain/chat/repository.go:247.2,247.22 1 0
github.com/emergent/emergent-core/domain/chat/repository.go:251.113,252.75 1 0
github.com/emergent/emergent-core/domain/chat/repository.go:252.75,258.17 2 0
github.com/emergent/emergent-core/domain/chat/repository.go:258.17,259.38 1 0
github.com/emergent/emergent-core/domain/chat/repository.go:259.38,261.5 1 0
github.com/emergent/emergent-core/domain/chat/repository.go:262.4,262.42 1 0
github.com/emergent/emergent-core/domain/chat/repository.go:262.42,264.5 1 0
github.com/emergent/emergent-core/domain/chat/repository.go:265.4,265.49 1 0
github.com/emergent/emergent-core/domain/chat/repository.go:269.3,276.17 3 0
github.com/emergent/emergent-core/domain/chat/repository.go:276.17,278.4 1 0
github.com/emergent/emergent-core/domain/chat/repository.go:280.3,280.13 1 0
github.com/emergent/emergent-core/domain/chat/routes.go:10.80,35.2 13 0
github.com/emergent/emergent-core/domain/chat/service.go:21.62,26.2 1 0
github.com/emergent/emergent-core/domain/chat/service.go:29.150,36.2 1 0
github.com/emergent/emergent-core/domain/chat/service.go:39.123,41.16 2 0
github.com/emergent/emergent-core/domain/chat/service.go:41.16,43.3 1 0
github.com/emergent/emergent-core/domain/chat/service.go:44.2,44.17 1 0
github.com/emergent/emergent-core/domain/chat/service.go:44.17,46.3 1 0
github.com/emergent/emergent-core/domain/chat/service.go:47.2,47.18 1 0
github.com/emergent/emergent-core/domain/chat/service.go:51.135,53.16 2 0
github.com/emergent/emergent-core/domain/chat/service.go:53.16,55.3 1 0
github.com/emergent/emergent-core/domain/chat/service.go:56.2,56.17 1 0
github.com/emergent/emergent-core/domain/chat/service.go:56.17,58.3 1 0
github.com/emergent/emergent-core/domain/chat/service.go:59.2,59.18 1 0
github.com/emergent/emergent-core/domain/chat/service.go:63.144,65.16 2 0
github.com/emergent/emergent-core/domain/chat/service.go:65.16,67.3 1 0
github.com/emergent/emergent-core/domain/chat/service.go:70.2,71.28 2 0
github.com/emergent/emergent-core/domain/chat/service.go:71.28,73.17 2 0
github.com/emergent/emergent-core/domain/chat/service.go:73.17,75.4 1 0
github.com/emergent/emergent-core/domain/chat/service.go:76.3,80.17 3 0
github.com/emergent/emergent-core/domain/chat/service.go:80.17,82.4 1 0
github.com/emergent/emergent-core/domain/chat/service.go:83.3,83.22 1 0
github.com/emergent/emergent-core/domain/chat/service.go:83.22,86.4 1 0
github.com/emergent/emergent-core/domain/chat/service.go:89.2,107.77 4 0
github.com/emergent/emergent-core/domain/chat/service.go:107.77,109.3 1 0
github.com/emergent/emergent-core/domain/chat/service.go:112.2,113.18 2 0
github.com/emergent/emergent-core/domain/chat/service.go:117.157,120.16 2 0
github.com/emergent/emergent-core/domain/chat/service.go:120.16,122.3 1 0
github.com/emergent/emergent-core/domain/chat/service.go:123.2,123.17 1 0
github.com/emergent/emergent-core/domain/chat/service.go:123.17,125.3 1 0
github.com/emergent/emergent-core/domain/chat/service.go:128.2,128.22 1 0
github.com/emergent/emergent-core/domain/chat/service.go:128.22,130.3 1 0
github.com/emergent/emergent-core/domain/chat/service.go:131.2,131.26 1 0
github.com/emergent/emergent-core/domain/chat/service.go:131.26,133.3 1 0
github.com/emergent/emergent-core/domain/chat/service.go:134.2,136.60 2 0
github.com/emergent/emergent-core/domain/chat/service.go:136.60,138.3 1 0
github.com/emergent/emergent-core/domain/chat/service.go:140.2,140.18 1 0
github.com/emergent/emergent-core/domain/chat/service.go:144.109,146.16 2 0
github.com/emergent/emergent-core/domain/chat/service.go:146.16,148.3 1 0
github.com/emergent/emergent-core/domain/chat/service.go:149.2,149.14 1 0
github.com/emergent/emergent-core/domain/chat/service.go:149.14,151.3 1 0
github.com/emergent/emergent-core/domain/chat/service.go:152.2,152.12 1 0
github.com/emergent/emergent-core/domain/chat/service.go:156.136,159.16 2 0
github.com/emergent/emergent-core/domain/chat/service.go:159.16,161.3 1 0
github.com/emergent/emergent-core/domain/chat/service.go:162.2,162.17 1 0
github.com/emergent/emergent-core/domain/chat/service.go:162.17,164.3 1 0
github.com/emergent/emergent-core/domain/chat/service.go:166.2,173.52 2 0
github.com/emergent/emergent-core/domain/chat/service.go:173.52,175.3 1 0
github.com/emergent/emergent-core/domain/chat/service.go:177.2,177.17 1 0
github.com/emergent/emergent-core/domain/chat/service.go:181.158,183.16 2 0
github.com/emergent/emergent-core/domain/chat/service.go:183.16,185.3 1 0
github.com/emergent/emergent-core/domain/chat/service.go:187.2,188.16 2 0
github.com/emergent/emergent-core/domain/chat/service.go:188.16,190.3 1 0
github.com/emergent/emergent-core/domain/chat/service.go:193.2,194.16 2 0
github.com/emergent/emergent-core/domain/chat/service.go:194.16,196.3 1 0
github.com/emergent/emergent-core/domain/chat/service.go:197.2,197.21 1 0
github.com/emergent/emergent-core/domain/chat/service.go:197.21,199.3 1 0
github.com/emergent/emergent-core/domain/chat/service.go:202.2,213.49 3 0
github.com/emergent/emergent-core/domain/chat/service.go:213.49,215.3 1 0
github.com/emergent/emergent-core/domain/chat/service.go:217.2,217.24 1 0
github.com/emergent/emergent-core/domain/chunks/entity.go:61.46,64.60 2 1
github.com/emergent/emergent-core/domain/chunks/entity.go:64.60,66.3 1 1
github.com/emergent/emergent-core/domain/chunks/entity.go:66.8,66.69 1 1
github.com/emergent/emergent-core/domain/chunks/entity.go:66.69,68.3 1 1
github.com/emergent/emergent-core/domain/chunks/entity.go:70.2,83.3 1 1
github.com/emergent/emergent-core/domain/chunks/entity.go:141.53,142.16 1 1
github.com/emergent/emergent-core/domain/chunks/entity.go:142.16,144.3 1 1
github.com/emergent/emergent-core/domain/chunks/entity.go:145.2,145.25 1 1
github.com/emergent/emergent-core/domain/chunks/entity.go:146.14,147.30 1 1
github.com/emergent/emergent-core/domain/chunks/entity.go:148.14,149.38 1 1
github.com/emergent/emergent-core/domain/chunks/entity.go:151.2,151.12 1 1
github.com/emergent/emergent-core/domain/chunks/handler.go:19.40,21.2 1 0
github.com/emergent/emergent-core/domain/chunks/handler.go:24.54,26.16 2 0
github.com/emergent/emergent-core/domain/chunks/handler.go:26.16,28.3 1 0
github.com/emergent/emergent-core/domain/chunks/handler.go:30.2,31.16 2 0
github.com/emergent/emergent-core/domain/chunks/handler.go:31.16,33.3 1 0
github.com/emergent/emergent-core/domain/chunks/handler.go:35.2,35.23 1 0
github.com/emergent/emergent-core/domain/chunks/handler.go:50.46,52.16 2 0
github.com/emergent/emergent-core/domain/chunks/handler.go:52.16,54.3 1 0
github.com/emergent/emergent-core/domain/chunks/handler.go:57.2,58.60 2 0
github.com/emergent/emergent-core/domain/chunks/handler.go:58.60,60.17 2 0
github.com/emergent/emergent-core/domain/chunks/handler.go:60.17,62.4 1 0
github.com/emergent/emergent-core/domain/chunks/handler.go:63.3,63.23 1 0
github.com/emergent/emergent-core/domain/chunks/handler.go:66.2,67.16 2 0
github.com/emergent/emergent-core/domain/chunks/handler.go:67.16,69.3 1 0
github.com/emergent/emergent-core/domain/chunks/handler.go:71.2,71.40 1 0
github.com/emergent/emergent-core/domain/chunks/handler.go:87.48,89.16 2 0
github.com/emergent/emergent-core/domain/chunks/handler.go:89.16,91.3 1 0
github.com/emergent/emergent-core/domain/chunks/handler.go:93.2,94.16 2 0
github.com/emergent/emergent-core/domain/chunks/handler.go:94.16,96.3 1 0
github.com/emergent/emergent-core/domain/chunks/handler.go:98.2,98.80 1 0
github.com/emergent/emergent-core/domain/chunks/handler.go:98.80,100.3 1 0
github.com/emergent/emergent-core/domain/chunks/handler.go:102.2,102.42 1 0
github.com/emergent/emergent-core/domain/chunks/handler.go:117.52,119.16 2 0
github.com/emergent/emergent-core/domain/chunks/handler.go:119.16,121.3 1 0
github.com/emergent/emergent-core/domain/chunks/handler.go:123.2,124.37 2 0
github.com/emergent/emergent-core/domain/chunks/handler.go:124.37,126.3 1 0
github.com/emergent/emergent-core/domain/chunks/handler.go:128.2,128.23 1 0
github.com/emergent/emergent-core/domain/chunks/handler.go:128.23,130.3 1 0
github.com/emergent/emergent-core/domain/chunks/handler.go:132.2,133.16 2 0
github.com/emergent/emergent-core/domain/chunks/handler.go:133.16,135.3 1 0
github.com/emergent/emergent-core/domain/chunks/handler.go:137.2,137.38 1 0
github.com/emergent/emergent-core/domain/chunks/handler.go:152.58,154.16 2 0
github.com/emergent/emergent-core/domain/chunks/handler.go:154.16,156.3 1 0
github.com/emergent/emergent-core/domain/chunks/handler.go:158.2,159.16 2 0
github.com/emergent/emergent-core/domain/chunks/handler.go:159.16,161.3 1 0
github.com/emergent/emergent-core/domain/chunks/handler.go:163.2,164.16 2 0
github.com/emergent/emergent-core/domain/chunks/handler.go:164.16,166.3 1 0
github.com/emergent/emergent-core/domain/chunks/handler.go:168.2,168.38 1 0
github.com/emergent/emergent-core/domain/chunks/handler.go:183.63,185.16 2 0
github.com/emergent/emergent-core/domain/chunks/handler.go:185.16,187.3 1 0
github.com/emergent/emergent-core/domain/chunks/handler.go:189.2,190.37 2 0
github.com/emergent/emergent-core/domain/chunks/handler.go:190.37,192.3 1 0
github.com/emergent/emergent-core/domain/chunks/handler.go:194.2,194.31 1 0
github.com/emergent/emergent-core/domain/chunks/handler.go:194.31,196.3 1 0
github.com/emergent/emergent-core/domain/chunks/handler.go:198.2,199.16 2 0
github.com/emergent/emergent-core/domain/chunks/handler.go:199.16,201.3 1 0
github.com/emergent/emergent-core/domain/chunks/handler.go:203.2,203.38 1 0
github.com/emergent/emergent-core/domain/chunks/repository.go:23.62,28.2 1 0
github.com/emergent/emergent-core/domain/chunks/repository.go:31.130,56.23 3 0
github.com/emergent/emergent-core/domain/chunks/repository.go:56.23,58.3 1 0
github.com/emergent/emergent-core/domain/chunks/repository.go:60.2,61.16 2 0
github.com/emergent/emergent-core/domain/chunks/repository.go:61.16,64.3 2 0
github.com/emergent/emergent-core/domain/chunks/repository.go:66.2,66.20 1 0
github.com/emergent/emergent-core/domain/chunks/repository.go:70.108,83.16 3 0
github.com/emergent/emergent-core/domain/chunks/repository.go:83.16,84.27 1 0
github.com/emergent/emergent-core/domain/chunks/repository.go:84.27,86.4 1 0
github.com/emergent/emergent-core/domain/chunks/repository.go:87.3,88.63 2 0
github.com/emergent/emergent-core/domain/chunks/repository.go:91.2,91.20 1 0
github.com/emergent/emergent-core/domain/chunks/repository.go:95.70,100.16 2 0
github.com/emergent/emergent-core/domain/chunks/repository.go:100.16,103.3 2 0
github.com/emergent/emergent-core/domain/chunks/repository.go:105.2,105.12 1 0
github.com/emergent/emergent-core/domain/chunks/repository.go:109.78,110.22 1 0
github.com/emergent/emergent-core/domain/chunks/repository.go:110.22,112.3 1 0
github.com/emergent/emergent-core/domain/chunks/repository.go:114.2,118.16 2 0
github.com/emergent/emergent-core/domain/chunks/repository.go:118.16,121.3 2 0
github.com/emergent/emergent-core/domain/chunks/repository.go:123.2,123.12 1 0
github.com/emergent/emergent-core/domain/chunks/repository.go:127.86,137.16 3 0
github.com/emergent/emergent-core/domain/chunks/repository.go:137.16,140.3 2 0
github.com/emergent/emergent-core/domain/chunks/repository.go:142.2,142.16 1 0
github.com/emergent/emergent-core/domain/chunks/repository.go:142.16,144.3 1 0
github.com/emergent/emergent-core/domain/chunks/repository.go:147.2,152.16 2 0
github.com/emergent/emergent-core/domain/chunks/repository.go:152.16,155.3 2 0
github.com/emergent/emergent-core/domain/chunks/repository.go:157.2,157.12 1 0
github.com/emergent/emergent-core/domain/chunks/repository.go:161.127,166.35 4 0
github.com/emergent/emergent-core/domain/chunks/repository.go:166.35,168.17 2 0
github.com/emergent/emergent-core/domain/chunks/repository.go:168.17,175.4 2 0
github.com/emergent/emergent-core/domain/chunks/repository.go:175.9,181.4 2 0
github.com/emergent/emergent-core/domain/chunks/repository.go:184.2,189.8 1 0
github.com/emergent/emergent-core/domain/chunks/repository.go:193.132,203.16 3 0
github.com/emergent/emergent-core/domain/chunks/repository.go:203.16,211.3 2 0
github.com/emergent/emergent-core/domain/chunks/repository.go:213.2,213.16 1 0
github.com/emergent/emergent-core/domain/chunks/repository.go:213.16,220.3 1 0
github.com/emergent/emergent-core/domain/chunks/repository.go:223.2,228.16 2 0
github.com/emergent/emergent-core/domain/chunks/repository.go:228.16,236.3 2 0
github.com/emergent/emergent-core/domain/chunks/repository.go:238.2,244.8 2 0
github.com/emergent/emergent-core/domain/chunks/repository.go:248.155,252.36 3 0
github.com/emergent/emergent-core/domain/chunks/repository.go:252.36,254.17 2 0
github.com/emergent/emergent-core/domain/chunks/repository.go:254.17,261.4 1 0
github.com/emergent/emergent-core/domain/chunks/repository.go:261.9,264.4 2 0
github.com/emergent/emergent-core/domain/chunks/repository.go:267.2,271.8 1 0
github.com/emergent/emergent-core/domain/chunks/repository.go:275.105,284.16 3 0
github.com/emergent/emergent-core/domain/chunks/repository.go:284.16,287.3 2 0
github.com/emergent/emergent-core/domain/chunks/repository.go:289.2,289.12 1 0
github.com/emergent/emergent-core/domain/chunks/repository.go:293.50,294.19 1 1
github.com/emergent/emergent-core/domain/chunks/repository.go:294.19,296.3 1 1
github.com/emergent/emergent-core/domain/chunks/repository.go:298.2,299.24 2 1
github.com/emergent/emergent-core/domain/chunks/repository.go:299.24,300.12 1 1
github.com/emergent/emergent-core/domain/chunks/repository.go:300.12,302.4 1 1
github.com/emergent/emergent-core/domain/chunks/repository.go:303.3,303.33 1 1
github.com/emergent/emergent-core/domain/chunks/repository.go:305.2,306.15 2 1
github.com/emergent/emergent-core/domain/chunks/repository.go:310.94,316.16 2 0
github.com/emergent/emergent-core/domain/chunks/repository.go:316.16,319.3 2 0
github.com/emergent/emergent-core/domain/chunks/repository.go:321.2,321.19 1 0
github.com/emergent/emergent-core/domain/chunks/routes.go:10.86,28.2 12 0
github.com/emergent/emergent-core/domain/chunks/service.go:20.62,25.2 1 0
github.com/emergent/emergent-core/domain/chunks/service.go:28.118,30.16 2 0
github.com/emergent/emergent-core/domain/chunks/service.go:30.16,32.3 1 0
github.com/emergent/emergent-core/domain/chunks/service.go:35.2,36.31 2 0
github.com/emergent/emergent-core/domain/chunks/service.go:36.31,38.3 1 0
github.com/emergent/emergent-core/domain/chunks/service.go:40.2,43.8 1 0
github.com/emergent/emergent-core/domain/chunks/service.go:47.97,49.16 2 0
github.com/emergent/emergent-core/domain/chunks/service.go:49.16,51.3 1 0
github.com/emergent/emergent-core/domain/chunks/service.go:53.2,53.27 1 0
github.com/emergent/emergent-core/domain/chunks/service.go:57.83,59.2 1 0
github.com/emergent/emergent-core/domain/chunks/service.go:62.121,63.24 1 0
github.com/emergent/emergent-core/domain/chunks/service.go:63.24,65.3 1 0
github.com/emergent/emergent-core/domain/chunks/service.go:68.2,69.30 2 0
github.com/emergent/emergent-core/domain/chunks/service.go:69.30,71.17 2 0
github.com/emergent/emergent-core/domain/chunks/service.go:71.17,73.4 1 0
github.com/emergent/emergent-core/domain/chunks/service.go:74.3,74.32 1 0
github.com/emergent/emergent-core/domain/chunks/service.go:77.2,77.49 1 0
github.com/emergent/emergent-core/domain/chunks/service.go:81.129,83.2 1 0
github.com/emergent/emergent-core/domain/chunks/service.go:86.149,87.27 1 0
github.com/emergent/emergent-core/domain/chunks/service.go:87.27,89.3 1 0
github.com/emergent/emergent-core/domain/chunks/service.go:92.2,93.33 2 0
github.com/emergent/emergent-core/domain/chunks/service.go:93.33,95.17 2 0
github.com/emergent/emergent-core/domain/chunks/service.go:95.17,97.4 1 0
github.com/emergent/emergent-core/domain/chunks/service.go:98.3,98.32 1 0
github.com/emergent/emergent-core/domain/chunks/service.go:101.2,101.60 1 0
github.com/emergent/emergent-core/domain/chunks/service.go:105.88,107.16 2 0
github.com/emergent/emergent-core/domain/chunks/service.go:107.16,109.3 1 0
github.com/emergent/emergent-core/domain/chunks/service.go:111.2,119.50 2 0
github.com/emergent/emergent-core/domain/chunks/service.go:119.50,121.3 1 0
github.com/emergent/emergent-core/domain/chunks/service.go:123.2,123.19 1 0
github.com/emergent/emergent-core/domain/chunks/service.go:127.109,128.22 1 0
github.com/emergent/emergent-core/domain/chunks/service.go:128.22,130.3 1 0
github.com/emergent/emergent-core/domain/chunks/service.go:132.2,133.29 2 0
github.com/emergent/emergent-core/domain/chunks/service.go:133.29,141.3 1 0
github.com/emergent/emergent-core/domain/chunks/service.go:143.2,143.42 1 0
github.com/emergent/emergent-core/domain/chunks/service.go:147.102,148.27 1 0
github.com/emergent/emergent-core/domain/chunks/service.go:148.27,150.3 1 0
github.com/emergent/emergent-core/domain/chunks/service.go:152.2,152.56 1 0
github.com/emergent/emergent-core/domain/chunks/service.go:156.91,158.2 1 0
github.com/emergent/emergent-core/domain/documents/handler.go:18.40,20.2 1 0
github.com/emergent/emergent-core/domain/documents/handler.go:23.46,25.17 2 0
github.com/emergent/emergent-core/domain/documents/handler.go:25.17,27.3 1 0
github.com/emergent/emergent-core/domain/documents/handler.go:29.2,29.26 1 0
github.com/emergent/emergent-core/domain/documents/handler.go:29.26,31.3 1 0
github.com/emergent/emergent-core/domain/documents/handler.go:34.2,39.55 2 0
github.com/emergent/emergent-core/domain/documents/handler.go:39.55,41.17 2 0
github.com/emergent/emergent-core/domain/documents/handler.go:41.17,43.4 1 0
github.com/emergent/emergent-core/domain/documents/handler.go:44.3,44.23 1 0
github.com/emergent/emergent-core/domain/documents/handler.go:48.2,48.58 1 0
github.com/emergent/emergent-core/domain/documents/handler.go:48.58,50.17 2 0
github.com/emergent/emergent-core/domain/documents/handler.go:50.17,52.4 1 0
github.com/emergent/emergent-core/domain/documents/handler.go:53.3,53.25 1 0
github.com/emergent/emergent-core/domain/documents/handler.go:57.2,57.64 1 0
github.com/emergent/emergent-core/domain/documents/handler.go:57.64,59.3 1 0
github.com/emergent/emergent-core/domain/documents/handler.go:60.2,60.73 1 0
github.com/emergent/emergent-core/domain/documents/handler.go:60.73,62.3 1 0
github.com/emergent/emergent-core/domain/documents/handler.go:63.2,63.62 1 0
github.com/emergent/emergent-core/domain/documents/handler.go:63.62,65.3 1 0
github.com/emergent/emergent-core/domain/documents/handler.go:66.2,66.66 1 0
github.com/emergent/emergent-core/domain/documents/handler.go:66.66,68.3 1 0
github.com/emergent/emergent-core/domain/documents/handler.go:71.2,72.16 2 0
github.com/emergent/emergent-core/domain/documents/handler.go:72.16,74.3 1 0
github.com/emergent/emergent-core/domain/documents/handler.go:77.2,77.30 1 0
github.com/emergent/emergent-core/domain/documents/handler.go:77.30,79.3 1 0
github.com/emergent/emergent-core/domain/documents/handler.go:81.2,81.38 1 0
github.com/emergent/emergent-core/domain/documents/handler.go:85.49,87.17 2 0
github.com/emergent/emergent-core/domain/documents/handler.go:87.17,89.3 1 0
github.com/emergent/emergent-core/domain/documents/handler.go:91.2,91.26 1 0
github.com/emergent/emergent-core/domain/documents/handler.go:91.26,93.3 1 0
github.com/emergent/emergent-core/domain/documents/handler.go:95.2,96.22 2 0
github.com/emergent/emergent-core/domain/documents/handler.go:96.22,98.3 1 0
github.com/emergent/emergent-core/domain/documents/handler.go:100.2,101.16 2 0
github.com/emergent/emergent-core/domain/documents/handler.go:101.16,103.3 1 0
github.com/emergent/emergent-core/domain/documents/handler.go:105.2,105.35 1 0
github.com/emergent/emergent-core/domain/documents/handler.go:109.48,111.17 2 0
github.com/emergent/emergent-core/domain/documents/handler.go:111.17,113.3 1 0
github.com/emergent/emergent-core/domain/documents/handler.go:115.2,115.26 1 0
github.com/emergent/emergent-core/domain/documents/handler.go:115.26,117.3 1 0
github.com/emergent/emergent-core/domain/documents/handler.go:119.2,120.37 2 0
github.com/emergent/emergent-core/domain/documents/handler.go:120.37,122.3 1 0
github.com/emergent/emergent-core/domain/documents/handler.go:125.2,125.52 1 0
github.com/emergent/emergent-core/domain/documents/handler.go:125.52,127.3 1 0
github.com/emergent/emergent-core/domain/documents/handler.go:129.2,134.16 2 0
github.com/emergent/emergent-core/domain/documents/handler.go:134.16,136.3 1 0
github.com/emergent/emergent-core/domain/documents/handler.go:139.2,140.17 2 0
github.com/emergent/emergent-core/domain/documents/handler.go:140.17,142.3 1 0
github.com/emergent/emergent-core/domain/documents/handler.go:144.2,144.28 1 0
github.com/emergent/emergent-core/domain/documents/handler.go:148.48,150.17 2 0
github.com/emergent/emergent-core/domain/documents/handler.go:150.17,152.3 1 0
github.com/emergent/emergent-core/domain/documents/handler.go:154.2,154.26 1 0
github.com/emergent/emergent-core/domain/documents/handler.go:154.26,156.3 1 0
github.com/emergent/emergent-core/domain/documents/handler.go:158.2,159.22 2 0
github.com/emergent/emergent-core/domain/documents/handler.go:159.22,161.3 1 0
github.com/emergent/emergent-core/domain/documents/handler.go:163.2,164.16 2 0
github.com/emergent/emergent-core/domain/documents/handler.go:164.16,166.3 1 0
github.com/emergent/emergent-core/domain/documents/handler.go:168.2,168.40 1 0
github.com/emergent/emergent-core/domain/documents/handler.go:172.52,174.17 2 0
github.com/emergent/emergent-core/domain/documents/handler.go:174.17,176.3 1 0
github.com/emergent/emergent-core/domain/documents/handler.go:178.2,178.26 1 0
github.com/emergent/emergent-core/domain/documents/handler.go:178.26,180.3 1 0
github.com/emergent/emergent-core/domain/documents/handler.go:182.2,183.37 2 0
github.com/emergent/emergent-core/domain/documents/handler.go:183.37,185.3 1 0
github.com/emergent/emergent-core/domain/documents/handler.go:188.2,188.23 1 0
github.com/emergent/emergent-core/domain/documents/handler.go:188.23,190.3 1 0
github.com/emergent/emergent-core/domain/documents/handler.go:192.2,193.16 2 0
github.com/emergent/emergent-core/domain/documents/handler.go:193.16,195.3 1 0
github.com/emergent/emergent-core/domain/documents/handler.go:197.2,197.40 1 0
github.com/emergent/emergent-core/domain/documents/handler.go:201.62,203.29 1 0
github.com/emergent/emergent-core/domain/documents/handler.go:203.29,205.3 1 0
github.com/emergent/emergent-core/domain/documents/handler.go:206.2,206.12 1 0
github.com/emergent/emergent-core/domain/documents/handler.go:210.60,212.22 2 1
github.com/emergent/emergent-core/domain/documents/handler.go:212.22,213.25 1 1
github.com/emergent/emergent-core/domain/documents/handler.go:213.25,215.4 1 1
github.com/emergent/emergent-core/domain/documents/handler.go:216.3,217.14 2 1
github.com/emergent/emergent-core/domain/documents/handler.go:217.14,219.4 1 1
github.com/emergent/emergent-core/domain/documents/handler.go:221.2,221.13 1 1
github.com/emergent/emergent-core/domain/documents/handler.go:221.13,223.3 1 1
github.com/emergent/emergent-core/domain/documents/handler.go:224.2,224.15 1 1
github.com/emergent/emergent-core/domain/documents/repository.go:25.62,30.2 1 0
github.com/emergent/emergent-core/domain/documents/repository.go:33.88,35.23 1 0
github.com/emergent/emergent-core/domain/documents/repository.go:35.23,37.3 1 0
github.com/emergent/emergent-core/domain/documents/repository.go:38.2,38.24 1 0
github.com/emergent/emergent-core/domain/documents/repository.go:38.24,40.3 1 0
github.com/emergent/emergent-core/domain/documents/repository.go:43.2,48.30 2 0
github.com/emergent/emergent-core/domain/documents/repository.go:48.30,50.3 1 0
github.com/emergent/emergent-core/domain/documents/repository.go:51.2,51.33 1 0
github.com/emergent/emergent-core/domain/documents/repository.go:51.33,53.3 1 0
github.com/emergent/emergent-core/domain/documents/repository.go:54.2,54.21 1 0
github.com/emergent/emergent-core/domain/documents/repository.go:54.21,56.3 1 0
github.com/emergent/emergent-core/domain/documents/repository.go:57.2,57.36 1 0
github.com/emergent/emergent-core/domain/documents/repository.go:57.36,59.3 1 0
github.com/emergent/emergent-core/domain/documents/repository.go:62.2,62.26 1 0
github.com/emergent/emergent-core/domain/documents/repository.go:62.26,64.3 1 0
github.com/emergent/emergent-core/domain/documents/repository.go:67.2,71.30 2 0
github.com/emergent/emergent-core/domain/documents/repository.go:71.30,73.3 1 0
github.com/emergent/emergent-core/domain/documents/repository.go:74.2,74.33 1 0
github.com/emergent/emergent-core/domain/documents/repository.go:74.33,76.3 1 0
github.com/emergent/emergent-core/domain/documents/repository.go:77.2,77.21 1 0
github.com/emergent/emergent-core/domain/documents/repository.go:77.21,79.3 1 0
github.com/emergent/emergent-core/domain/documents/repository.go:80.2,80.36 1 0
github.com/emergent/emergent-core/domain/documents/repository.go:80.36,82.3 1 0
github.com/emergent/emergent-core/domain/documents/repository.go:84.2,85.16 2 0
github.com/emergent/emergent-core/domain/documents/repository.go:85.16,87.3 1 0
github.com/emergent/emergent-core/domain/documents/repository.go:90.2,94.52 3 0
github.com/emergent/emergent-core/domain/documents/repository.go:94.52,96.3 1 0
github.com/emergent/emergent-core/domain/documents/repository.go:99.2,100.35 2 0
github.com/emergent/emergent-core/domain/documents/repository.go:100.35,111.3 6 0
github.com/emergent/emergent-core/domain/documents/repository.go:113.2,117.8 1 0
github.com/emergent/emergent-core/domain/documents/repository.go:121.100,129.16 3 0
github.com/emergent/emergent-core/domain/documents/repository.go:129.16,130.27 1 0
github.com/emergent/emergent-core/domain/documents/repository.go:130.27,132.4 1 0
github.com/emergent/emergent-core/domain/documents/repository.go:133.3,133.50 1 0
github.com/emergent/emergent-core/domain/documents/repository.go:136.2,136.18 1 0
github.com/emergent/emergent-core/domain/documents/repository.go:140.110,148.16 3 0
github.com/emergent/emergent-core/domain/documents/repository.go:148.16,149.27 1 0
github.com/emergent/emergent-core/domain/documents/repository.go:149.27,151.4 1 0
github.com/emergent/emergent-core/domain/documents/repository.go:152.3,152.66 1 0
github.com/emergent/emergent-core/domain/documents/repository.go:155.2,155.18 1 0
github.com/emergent/emergent-core/domain/documents/repository.go:159.104,167.16 3 0
github.com/emergent/emergent-core/domain/documents/repository.go:167.16,168.27 1 0
github.com/emergent/emergent-core/domain/documents/repository.go:168.27,170.4 1 0
github.com/emergent/emergent-core/domain/documents/repository.go:171.3,171.63 1 0
github.com/emergent/emergent-core/domain/documents/repository.go:174.2,174.18 1 0
github.com/emergent/emergent-core/domain/documents/repository.go:178.71,184.16 2 0
github.com/emergent/emergent-core/domain/documents/repository.go:184.16,185.37 1 0
github.com/emergent/emergent-core/domain/documents/repository.go:185.37,188.4 1 0
github.com/emergent/emergent-core/domain/documents/repository.go:189.3,189.41 1 0
github.com/emergent/emergent-core/domain/documents/repository.go:189.41,191.4 1 0
github.com/emergent/emergent-core/domain/documents/repository.go:192.3,193.48 2 0
github.com/emergent/emergent-core/domain/documents/repository.go:196.2,196.12 1 0
github.com/emergent/emergent-core/domain/documents/repository.go:201.94,208.16 2 0
github.com/emergent/emergent-core/domain/documents/repository.go:208.16,211.3 2 0
github.com/emergent/emergent-core/domain/documents/repository.go:213.2,214.30 2 0
github.com/emergent/emergent-core/domain/documents/repository.go:219.115,222.75 2 0
github.com/emergent/emergent-core/domain/documents/repository.go:222.75,229.17 2 0
github.com/emergent/emergent-core/domain/documents/repository.go:229.17,231.4 1 0
github.com/emergent/emergent-core/domain/documents/repository.go:232.3,232.43 1 0
github.com/emergent/emergent-core/domain/documents/repository.go:232.43,234.4 1 0
github.com/emergent/emergent-core/domain/documents/repository.go:237.3,243.41 3 0
github.com/emergent/emergent-core/domain/documents/repository.go:243.41,245.4 1 0
github.com/emergent/emergent-core/domain/documents/repository.go:247.3,247.22 1 0
github.com/emergent/emergent-core/domain/documents/repository.go:247.22,255.42 3 0
github.com/emergent/emergent-core/domain/documents/repository.go:255.42,257.5 1 0
github.com/emergent/emergent-core/domain/documents/repository.go:259.4,259.26 1 0
github.com/emergent/emergent-core/domain/documents/repository.go:259.26,265.19 2 0
github.com/emergent/emergent-core/domain/documents/repository.go:265.19,267.6 1 0
github.com/emergent/emergent-core/domain/documents/repository.go:268.5,268.45 1 0
github.com/emergent/emergent-core/domain/documents/repository.go:268.45,270.6 1 0
github.com/emergent/emergent-core/domain/documents/repository.go:273.5,277.19 2 0
github.com/emergent/emergent-core/domain/documents/repository.go:277.19,279.6 1 0
github.com/emergent/emergent-core/domain/documents/repository.go:280.5,280.45 1 0
github.com/emergent/emergent-core/domain/documents/repository.go:280.45,282.6 1 0
github.com/emergent/emergent-core/domain/documents/repository.go:286.4,290.18 2 0
github.com/emergent/emergent-core/domain/documents/repository.go:290.18,292.5 1 0
github.com/emergent/emergent-core/domain/documents/repository.go:293.4,293.44 1 0
github.com/emergent/emergent-core/domain/documents/repository.go:293.44,295.5 1 0
github.com/emergent/emergent-core/domain/documents/repository.go:299.3,303.17 2 0
github.com/emergent/emergent-core/domain/documents/repository.go:303.17,305.4 1 0
github.com/emergent/emergent-core/domain/documents/repository.go:306.3,306.43 1 0
github.com/emergent/emergent-core/domain/documents/repository.go:306.43,308.4 1 0
github.com/emergent/emergent-core/domain/documents/repository.go:311.3,316.17 2 0
github.com/emergent/emergent-core/domain/documents/repository.go:316.17,318.4 1 0
github.com/emergent/emergent-core/domain/documents/repository.go:320.3,321.24 2 0
github.com/emergent/emergent-core/domain/documents/repository.go:321.24,323.4 1 0
github.com/emergent/emergent-core/domain/documents/repository.go:325.3,325.13 1 0
github.com/emergent/emergent-core/domain/documents/repository.go:328.2,328.16 1 0
github.com/emergent/emergent-core/domain/documents/repository.go:328.16,329.46 1 0
github.com/emergent/emergent-core/domain/documents/repository.go:329.46,331.4 1 0
github.com/emergent/emergent-core/domain/documents/repository.go:332.3,333.53 2 0
github.com/emergent/emergent-core/domain/documents/repository.go:336.2,336.21 1 0
github.com/emergent/emergent-core/domain/documents/repository.go:341.139,353.16 5 0
github.com/emergent/emergent-core/domain/documents/repository.go:353.16,355.3 1 0
github.com/emergent/emergent-core/domain/documents/repository.go:358.2,359.33 2 0
github.com/emergent/emergent-core/domain/documents/repository.go:359.33,361.3 1 0
github.com/emergent/emergent-core/domain/documents/repository.go:362.2,362.33 1 0
github.com/emergent/emergent-core/domain/documents/repository.go:362.33,363.23 1 0
github.com/emergent/emergent-core/domain/documents/repository.go:363.23,365.4 1 0
github.com/emergent/emergent-core/domain/documents/repository.go:369.2,369.27 1 0
github.com/emergent/emergent-core/domain/documents/repository.go:369.27,371.3 1 0
github.com/emergent/emergent-core/domain/documents/repository.go:373.2,373.74 1 0
github.com/emergent/emergent-core/domain/documents/repository.go:373.74,380.17 2 0
github.com/emergent/emergent-core/domain/documents/repository.go:380.17,382.4 1 0
github.com/emergent/emergent-core/domain/documents/repository.go:383.3,383.43 1 0
github.com/emergent/emergent-core/domain/documents/repository.go:383.43,385.4 1 0
github.com/emergent/emergent-core/domain/documents/repository.go:388.3,394.41 3 0
github.com/emergent/emergent-core/domain/documents/repository.go:394.41,396.4 1 0
github.com/emergent/emergent-core/domain/documents/repository.go:398.3,398.22 1 0
github.com/emergent/emergent-core/domain/documents/repository.go:398.22,406.42 3 0
github.com/emergent/emergent-core/domain/documents/repository.go:406.42,408.5 1 0
github.com/emergent/emergent-core/domain/documents/repository.go:410.4,410.26 1 0
github.com/emergent/emergent-core/domain/documents/repository.go:410.26,416.19 2 0
github.com/emergent/emergent-core/domain/documents/repository.go:416.19,418.6 1 0
github.com/emergent/emergent-core/domain/documents/repository.go:419.5,419.45 1 0
github.com/emergent/emergent-core/domain/documents/repository.go:419.45,421.6 1 0
github.com/emergent/emergent-core/domain/documents/repository.go:424.5,428.19 2 0
github.com/emergent/emergent-core/domain/documents/repository.go:428.19,430.6 1 0
github.com/emergent/emergent-core/domain/documents/repository.go:431.5,431.45 1 0
github.com/emergent/emergent-core/domain/documents/repository.go:431.45,433.6 1 0
github.com/emergent/emergent-core/domain/documents/repository.go:437.4,441.18 2 0
github.com/emergent/emergent-core/domain/documents/repository.go:441.18,443.5 1 0
github.com/emergent/emergent-core/domain/documents/repository.go:444.4,444.44 1 0
github.com/emergent/emergent-core/domain/documents/repository.go:444.44,446.5 1 0
github.com/emergent/emergent-core/domain/documents/repository.go:450.3,454.17 2 0
github.com/emergent/emergent-core/domain/documents/repository.go:454.17,456.4 1 0
github.com/emergent/emergent-core/domain/documents/repository.go:457.3,457.43 1 0
github.com/emergent/emergent-core/domain/documents/repository.go:457.43,459.4 1 0
github.com/emergent/emergent-core/domain/documents/repository.go:462.3,467.17 2 0
github.com/emergent/emergent-core/domain/documents/repository.go:467.17,469.4 1 0
github.com/emergent/emergent-core/domain/documents/repository.go:471.3,471.13 1 0
github.com/emergent/emergent-core/domain/documents/repository.go:474.2,474.16 1 0
github.com/emergent/emergent-core/domain/documents/repository.go:474.16,477.3 2 0
github.com/emergent/emergent-core/domain/documents/repository.go:479.2,479.31 1 0
github.com/emergent/emergent-core/domain/documents/repository.go:483.51,484.19 1 1
github.com/emergent/emergent-core/domain/documents/repository.go:484.19,486.3 1 1
github.com/emergent/emergent-core/domain/documents/repository.go:488.2,489.16 2 1
github.com/emergent/emergent-core/domain/documents/repository.go:489.16,491.3 1 1
github.com/emergent/emergent-core/domain/documents/repository.go:493.2,494.54 2 1
github.com/emergent/emergent-core/domain/documents/repository.go:494.54,496.3 1 1
github.com/emergent/emergent-core/domain/documents/repository.go:498.2,498.21 1 1
github.com/emergent/emergent-core/domain/documents/routes.go:10.110,33.2 15 0
github.com/emergent/emergent-core/domain/documents/service.go:24.62,29.2 1 0
github.com/emergent/emergent-core/domain/documents/service.go:32.85,34.2 1 0
github.com/emergent/emergent-core/domain/documents/service.go:37.97,39.16 2 0
github.com/emergent/emergent-core/domain/documents/service.go:39.16,41.3 1 0
github.com/emergent/emergent-core/domain/documents/service.go:42.2,42.16 1 0
github.com/emergent/emergent-core/domain/documents/service.go:42.16,44.3 1 0
github.com/emergent/emergent-core/domain/documents/service.go:45.2,45.17 1 0
github.com/emergent/emergent-core/domain/documents/service.go:57.93,60.20 2 0
github.com/emergent/emergent-core/domain/documents/service.go:60.20,62.3 1 0
github.com/emergent/emergent-core/domain/documents/service.go:64.2,65.19 2 0
github.com/emergent/emergent-core/domain/documents/service.go:65.19,67.3 1 0
github.com/emergent/emergent-core/domain/documents/service.go:70.2,74.16 3 0
github.com/emergent/emergent-core/domain/documents/service.go:74.16,76.3 1 0
github.com/emergent/emergent-core/domain/documents/service.go:77.2,77.24 1 0
github.com/emergent/emergent-core/domain/documents/service.go:77.24,83.3 2 0
github.com/emergent/emergent-core/domain/documents/service.go:86.2,98.16 4 0
github.com/emergent/emergent-core/domain/documents/service.go:98.16,100.76 1 0
github.com/emergent/emergent-core/domain/documents/service.go:100.76,102.43 2 0
github.com/emergent/emergent-core/domain/documents/service.go:102.43,104.5 1 0
github.com/emergent/emergent-core/domain/documents/service.go:106.3,106.25 1 0
github.com/emergent/emergent-core/domain/documents/service.go:109.2,114.23 2 0
github.com/emergent/emergent-core/domain/documents/service.go:118.102,120.50 1 0
github.com/emergent/emergent-core/domain/documents/service.go:120.50,122.3 1 0
github.com/emergent/emergent-core/domain/documents/service.go:124.2,125.16 2 0
github.com/emergent/emergent-core/domain/documents/service.go:125.16,127.3 1 0
github.com/emergent/emergent-core/domain/documents/service.go:129.2,138.8 2 0
github.com/emergent/emergent-core/domain/documents/service.go:142.116,144.33 1 0
github.com/emergent/emergent-core/domain/documents/service.go:144.33,145.43 1 0
github.com/emergent/emergent-core/domain/documents/service.go:145.43,147.4 1 0
github.com/emergent/emergent-core/domain/documents/service.go:150.2,151.16 2 0
github.com/emergent/emergent-core/domain/documents/service.go:151.16,153.3 1 0
github.com/emergent/emergent-core/domain/documents/service.go:155.2,157.23 3 0
github.com/emergent/emergent-core/domain/documents/service.go:157.23,159.3 1 0
github.com/emergent/emergent-core/domain/documents/service.go:161.2,173.23 3 0
github.com/emergent/emergent-core/domain/documents/service.go:173.23,175.3 1 0
github.com/emergent/emergent-core/domain/documents/service.go:177.2,177.22 1 0
github.com/emergent/emergent-core/domain/documents/service.go:182.111,185.20 2 0
github.com/emergent/emergent-core/domain/documents/service.go:185.20,187.3 1 0
github.com/emergent/emergent-core/domain/documents/service.go:190.2,191.16 2 0
github.com/emergent/emergent-core/domain/documents/service.go:191.16,193.3 1 0
github.com/emergent/emergent-core/domain/documents/service.go:194.2,194.24 1 0
github.com/emergent/emergent-core/domain/documents/service.go:194.24,205.3 2 0
github.com/emergent/emergent-core/domain/documents/service.go:208.2,231.16 7 0
github.com/emergent/emergent-core/domain/documents/service.go:231.16,233.76 1 0
github.com/emergent/emergent-core/domain/documents/service.go:233.76,235.43 2 0
github.com/emergent/emergent-core/domain/documents/service.go:235.43,241.5 1 0
github.com/emergent/emergent-core/domain/documents/service.go:243.3,243.18 1 0
github.com/emergent/emergent-core/domain/documents/service.go:246.2,256.8 2 0
github.com/emergent/emergent-core/domain/documents/service.go:260.56,262.25 2 1
github.com/emergent/emergent-core/domain/documents/service.go:262.25,264.3 1 1
github.com/emergent/emergent-core/domain/documents/service.go:266.2,267.33 2 1
github.com/emergent/emergent-core/domain/documents/service.go:267.33,269.3 1 1
github.com/emergent/emergent-core/domain/documents/service.go:271.2,280.3 1 1
github.com/emergent/emergent-core/domain/documents/service.go:284.56,286.42 1 1
github.com/emergent/emergent-core/domain/documents/service.go:286.42,288.3 1 1
github.com/emergent/emergent-core/domain/documents/service.go:291.2,301.37 2 1
github.com/emergent/emergent-core/domain/documents/service.go:301.37,302.21 1 1
github.com/emergent/emergent-core/domain/documents/service.go:302.21,304.4 1 1
github.com/emergent/emergent-core/domain/documents/service.go:308.2,308.23 1 1
github.com/emergent/emergent-core/domain/documents/service.go:312.48,315.2 2 1
github.com/emergent/emergent-core/domain/documents/upload_handler.go:29.81,34.2 1 0
github.com/emergent/emergent-core/domain/documents/upload_handler.go:37.54,39.17 2 0
github.com/emergent/emergent-core/domain/documents/upload_handler.go:39.17,41.3 1 0
github.com/emergent/emergent-core/domain/documents/upload_handler.go:43.2,43.26 1 0
github.com/emergent/emergent-core/domain/documents/upload_handler.go:43.26,45.3 1 0
github.com/emergent/emergent-core/domain/documents/upload_handler.go:48.2,48.26 1 0
github.com/emergent/emergent-core/domain/documents/upload_handler.go:48.26,50.3 1 0
github.com/emergent/emergent-core/domain/documents/upload_handler.go:53.2,54.16 2 0
github.com/emergent/emergent-core/domain/documents/upload_handler.go:54.16,56.3 1 0
github.com/emergent/emergent-core/domain/documents/upload_handler.go:59.2,59.31 1 0
github.com/emergent/emergent-core/domain/documents/upload_handler.go:59.31,61.3 1 0
github.com/emergent/emergent-core/domain/documents/upload_handler.go:64.2,65.16 2 0
github.com/emergent/emergent-core/domain/documents/upload_handler.go:65.16,67.3 1 0
github.com/emergent/emergent-core/domain/documents/upload_handler.go:68.2,73.16 4 0
github.com/emergent/emergent-core/domain/documents/upload_handler.go:73.16,75.3 1 0
github.com/emergent/emergent-core/domain/documents/upload_handler.go:76.2,83.62 4 0
github.com/emergent/emergent-core/domain/documents/upload_handler.go:83.62,86.3 1 0
github.com/emergent/emergent-core/domain/documents/upload_handler.go:89.2,105.16 3 0
github.com/emergent/emergent-core/domain/documents/upload_handler.go:105.16,107.3 1 0
github.com/emergent/emergent-core/domain/documents/upload_handler.go:110.2,121.16 2 0
github.com/emergent/emergent-core/domain/documents/upload_handler.go:121.16,125.3 2 0
github.com/emergent/emergent-core/domain/documents/upload_handler.go:128.2,129.26 2 0
github.com/emergent/emergent-core/domain/documents/upload_handler.go:129.26,133.3 2 0
github.com/emergent/emergent-core/domain/documents/upload_handler.go:135.2,135.33 1 0
github.com/emergent/emergent-core/domain/documents/upload_handler.go:139.42,142.2 2 1
github.com/emergent/emergent-core/domain/datasource/config.go:28.26,36.2 1 1
github.com/emergent/emergent-core/domain/datasource/config.go:39.49,41.2 1 1
github.com/emergent/emergent-core/domain/datasource/config.go:44.46,46.2 1 1
github.com/emergent/emergent-core/domain/datasource/config.go:49.51,50.38 1 1
github.com/emergent/emergent-core/domain/datasource/config.go:50.38,51.51 1 1
github.com/emergent/emergent-core/domain/datasource/config.go:51.51,53.4 1 1
github.com/emergent/emergent-core/domain/datasource/config.go:55.2,55.19 1 1
github.com/emergent/emergent-core/domain/datasource/config.go:59.48,60.38 1 1
github.com/emergent/emergent-core/domain/datasource/config.go:60.38,61.46 1 1
github.com/emergent/emergent-core/domain/datasource/config.go:61.46,63.4 1 1
github.com/emergent/emergent-core/domain/datasource/config.go:65.2,65.19 1 1
github.com/emergent/emergent-core/domain/datasource/entity.go:158.45,159.14 1 1
github.com/emergent/emergent-core/domain/datasource/entity.go:159.14,161.3 1 1
github.com/emergent/emergent-core/domain/datasource/entity.go:162.2,162.24 1 1
github.com/emergent/emergent-core/domain/datasource/entity.go:166.46,167.18 1 1
github.com/emergent/emergent-core/domain/datasource/entity.go:167.18,170.3 2 1
github.com/emergent/emergent-core/domain/datasource/entity.go:171.2,172.9 2 1
github.com/emergent/emergent-core/domain/datasource/entity.go:172.9,174.3 1 1
github.com/emergent/emergent-core/domain/datasource/entity.go:175.2,175.33 1 1
github.com/emergent/emergent-core/domain/datasource/entity.go:182.50,183.14 1 1
github.com/emergent/emergent-core/domain/datasource/entity.go:183.14,185.3 1 1
github.com/emergent/emergent-core/domain/datasource/entity.go:186.2,186.24 1 1
github.com/emergent/emergent-core/domain/datasource/entity.go:190.51,191.18 1 1
github.com/emergent/emergent-core/domain/datasource/entity.go:191.18,194.3 2 1
github.com/emergent/emergent-core/domain/datasource/entity.go:195.2,196.9 2 1
github.com/emergent/emergent-core/domain/datasource/entity.go:196.9,198.3 1 1
github.com/emergent/emergent-core/domain/datasource/entity.go:199.2,199.33 1 1
github.com/emergent/emergent-core/domain/datasource/entity.go:206.52,207.14 1 1
github.com/emergent/emergent-core/domain/datasource/entity.go:207.14,209.3 1 1
github.com/emergent/emergent-core/domain/datasource/entity.go:210.2,210.24 1 1
github.com/emergent/emergent-core/domain/datasource/entity.go:214.53,215.18 1 1
github.com/emergent/emergent-core/domain/datasource/entity.go:215.18,218.3 2 1
github.com/emergent/emergent-core/domain/datasource/entity.go:219.2,220.9 2 1
github.com/emergent/emergent-core/domain/datasource/entity.go:220.9,222.3 1 1
github.com/emergent/emergent-core/domain/datasource/entity.go:223.2,223.33 1 1
github.com/emergent/emergent-core/domain/datasource/jobs_service.go:32.84,38.2 1 0
github.com/emergent/emergent-core/domain/datasource/jobs_service.go:41.81,43.16 2 0
github.com/emergent/emergent-core/domain/datasource/jobs_service.go:43.16,45.3 1 0
github.com/emergent/emergent-core/domain/datasource/jobs_service.go:46.2,49.12 2 0
github.com/emergent/emergent-core/domain/datasource/jobs_service.go:53.91,59.16 3 0
github.com/emergent/emergent-core/domain/datasource/jobs_service.go:59.16,60.36 1 0
github.com/emergent/emergent-core/domain/datasource/jobs_service.go:60.36,62.4 1 0
github.com/emergent/emergent-core/domain/datasource/jobs_service.go:63.3,63.18 1 0
github.com/emergent/emergent-core/domain/datasource/jobs_service.go:65.2,65.17 1 0
github.com/emergent/emergent-core/domain/datasource/jobs_service.go:69.121,78.16 3 0
github.com/emergent/emergent-core/domain/datasource/jobs_service.go:78.16,79.36 1 0
github.com/emergent/emergent-core/domain/datasource/jobs_service.go:79.36,81.4 1 0
github.com/emergent/emergent-core/domain/datasource/jobs_service.go:82.3,82.18 1 0
github.com/emergent/emergent-core/domain/datasource/jobs_service.go:84.2,84.17 1 0
github.com/emergent/emergent-core/domain/datasource/jobs_service.go:88.125,96.16 3 0
github.com/emergent/emergent-core/domain/datasource/jobs_service.go:96.16,98.3 1 0
github.com/emergent/emergent-core/domain/datasource/jobs_service.go:99.2,99.18 1 0
github.com/emergent/emergent-core/domain/datasource/jobs_service.go:103.97,106.88 2 0
github.com/emergent/emergent-core/domain/datasource/jobs_service.go:106.88,115.17 2 0
github.com/emergent/emergent-core/domain/datasource/jobs_service.go:115.17,117.4 1 0
github.com/emergent/emergent-core/domain/datasource/jobs_service.go:119.3,119.21 1 0
github.com/emergent/emergent-core/domain/datasource/jobs_service.go:119.21,121.4 1 0
github.com/emergent/emergent-core/domain/datasource/jobs_service.go:124.3,126.28 3 0
github.com/emergent/emergent-core/domain/datasource/jobs_service.go:126.28,130.4 3 0
github.com/emergent/emergent-core/domain/datasource/jobs_service.go:132.3,140.13 2 0
github.com/emergent/emergent-core/domain/datasource/jobs_service.go:143.2,143.16 1 0
github.com/emergent/emergent-core/domain/datasource/jobs_service.go:143.16,145.3 1 0
github.com/emergent/emergent-core/domain/datasource/jobs_service.go:147.2,147.18 1 0
github.com/emergent/emergent-core/domain/datasource/jobs_service.go:151.90,162.2 3 0
github.com/emergent/emergent-core/domain/datasource/jobs_service.go:165.160,180.2 3 0
github.com/emergent/emergent-core/domain/datasource/jobs_service.go:183.97,192.2 3 0
github.com/emergent/emergent-core/domain/datasource/jobs_service.go:195.97,197.16 2 0
github.com/emergent/emergent-core/domain/datasource/jobs_service.go:197.16,199.3 1 0
github.com/emergent/emergent-core/domain/datasource/jobs_service.go:201.2,208.12 3 0
github.com/emergent/emergent-core/domain/datasource/jobs_service.go:212.78,223.16 3 0
github.com/emergent/emergent-core/domain/datasource/jobs_service.go:223.16,225.3 1 0
github.com/emergent/emergent-core/domain/datasource/jobs_service.go:227.2,228.12 2 0
github.com/emergent/emergent-core/domain/datasource/jobs_service.go:232.86,246.18 4 0
github.com/emergent/emergent-core/domain/datasource/jobs_service.go:246.18,248.3 1 0
github.com/emergent/emergent-core/domain/datasource/jobs_service.go:250.2,253.12 2 0
github.com/emergent/emergent-core/domain/datasource/jobs_service.go:258.131,263.30 3 0
github.com/emergent/emergent-core/domain/datasource/jobs_service.go:263.30,276.19 2 0
github.com/emergent/emergent-core/domain/datasource/jobs_service.go:276.19,278.4 1 0
github.com/emergent/emergent-core/domain/datasource/jobs_service.go:280.3,285.20 2 0
github.com/emergent/emergent-core/domain/datasource/jobs_service.go:289.2,290.25 2 0
github.com/emergent/emergent-core/domain/datasource/jobs_service.go:290.25,292.3 1 0
github.com/emergent/emergent-core/domain/datasource/jobs_service.go:293.2,307.18 3 0
github.com/emergent/emergent-core/domain/datasource/jobs_service.go:307.18,309.3 1 0
github.com/emergent/emergent-core/domain/datasource/jobs_service.go:311.2,315.18 2 0
github.com/emergent/emergent-core/domain/datasource/jobs_service.go:319.78,331.16 3 0
github.com/emergent/emergent-core/domain/datasource/jobs_service.go:331.16,333.3 1 0
github.com/emergent/emergent-core/domain/datasource/jobs_service.go:335.2,336.12 2 0
github.com/emergent/emergent-core/domain/datasource/jobs_service.go:341.92,353.16 3 0
github.com/emergent/emergent-core/domain/datasource/jobs_service.go:353.16,355.3 1 0
github.com/emergent/emergent-core/domain/datasource/jobs_service.go:357.2,358.22 2 0
github.com/emergent/emergent-core/domain/datasource/jobs_service.go:358.22,360.3 1 0
github.com/emergent/emergent-core/domain/datasource/jobs_service.go:361.2,361.31 1 0
github.com/emergent/emergent-core/domain/datasource/jobs_service.go:365.102,371.16 3 0
github.com/emergent/emergent-core/domain/datasource/jobs_service.go:371.16,372.36 1 0
github.com/emergent/emergent-core/domain/datasource/jobs_service.go:372.36,374.4 1 0
github.com/emergent/emergent-core/domain/datasource/jobs_service.go:375.3,375.18 1 0
github.com/emergent/emergent-core/domain/datasource/jobs_service.go:377.2,377.25 1 0
github.com/emergent/emergent-core/domain/datasource/jobs_service.go:381.185,390.21 3 0
github.com/emergent/emergent-core/domain/datasource/jobs_service.go:390.21,392.3 1 0
github.com/emergent/emergent-core/domain/datasource/jobs_service.go:393.2,393.19 1 0
github.com/emergent/emergent-core/domain/datasource/jobs_service.go:393.19,396.3 2 0
github.com/emergent/emergent-core/domain/datasource/jobs_service.go:396.8,399.3 2 0
github.com/emergent/emergent-core/domain/datasource/jobs_service.go:401.2,402.12 2 0
github.com/emergent/emergent-core/domain/datasource/jobs_service.go:406.39,408.24 2 1
github.com/emergent/emergent-core/domain/datasource/jobs_service.go:408.24,410.3 1 1
github.com/emergent/emergent-core/domain/datasource/jobs_service.go:411.2,411.21 1 1
github.com/emergent/emergent-core/domain/datasource/jobs_service.go:419.135,426.21 3 0
github.com/emergent/emergent-core/domain/datasource/jobs_service.go:426.21,428.3 1 0
github.com/emergent/emergent-core/domain/datasource/jobs_service.go:430.2,431.16 2 0
github.com/emergent/emergent-core/domain/datasource/jobs_service.go:431.16,433.3 1 0
github.com/emergent/emergent-core/domain/datasource/jobs_service.go:435.2,439.16 2 0
github.com/emergent/emergent-core/domain/datasource/jobs_service.go:439.16,441.3 1 0
github.com/emergent/emergent-core/domain/datasource/jobs_service.go:443.2,443.25 1 0
github.com/emergent/emergent-core/domain/datasource/jobs_service.go:447.83,464.16 3 0
github.com/emergent/emergent-core/domain/datasource/jobs_service.go:464.16,466.3 1 0
github.com/emergent/emergent-core/domain/datasource/jobs_service.go:468.2,469.23 2 0
github.com/emergent/emergent-core/domain/datasource/jobs_service.go:469.23,471.3 1 0
github.com/emergent/emergent-core/domain/datasource/jobs_service.go:473.2,475.12 2 0
github.com/emergent/emergent-core/domain/datasource/jobs_service.go:479.84,485.16 2 0
github.com/emergent/emergent-core/domain/datasource/jobs_service.go:485.16,487.3 1 0
github.com/emergent/emergent-core/domain/datasource/jobs_service.go:489.2,490.23 2 0
github.com/emergent/emergent-core/domain/datasource/jobs_service.go:490.23,492.3 1 0
github.com/emergent/emergent-core/domain/datasource/jobs_service.go:494.2,496.12 2 0
github.com/emergent/emergent-core/domain/datasource/jobs_service.go:500.102,508.16 3 0
github.com/emergent/emergent-core/domain/datasource/jobs_service.go:508.16,510.3 1 0
github.com/emergent/emergent-core/domain/datasource/jobs_service.go:512.2,513.22 2 0
github.com/emergent/emergent-core/domain/datasource/jobs_service.go:513.22,517.3 1 0
github.com/emergent/emergent-core/domain/datasource/jobs_service.go:518.2,518.31 1 0
github.com/emergent/emergent-core/domain/datasource/jobs_service.go:522.107,529.21 3 0
github.com/emergent/emergent-core/domain/datasource/jobs_service.go:529.21,531.3 1 0
github.com/emergent/emergent-core/domain/datasource/jobs_service.go:534.2,535.16 2 0
github.com/emergent/emergent-core/domain/datasource/jobs_service.go:535.16,537.3 1 0
github.com/emergent/emergent-core/domain/datasource/jobs_service.go:538.2,541.15 2 0
github.com/emergent/emergent-core/domain/datasource/jobs_service.go:541.15,550.17 3 0
github.com/emergent/emergent-core/domain/datasource/jobs_service.go:550.17,552.4 1 0
github.com/emergent/emergent-core/domain/datasource/jobs_service.go:555.2,555.19 1 0
github.com/emergent/emergent-core/domain/datasource/module.go:39.65,41.2 1 0
github.com/emergent/emergent-core/domain/datasource/module.go:48.48,50.2 1 0
github.com/emergent/emergent-core/domain/datasource/module.go:52.91,61.2 2 0
github.com/emergent/emergent-core/domain/datasource/module.go:63.144,80.21 4 0
github.com/emergent/emergent-core/domain/datasource/module.go:80.21,81.46 1 0
github.com/emergent/emergent-core/domain/datasource/module.go:81.46,91.4 1 0
github.com/emergent/emergent-core/domain/datasource/module.go:94.2,95.16 2 0
github.com/emergent/emergent-core/domain/datasource/module.go:95.16,97.3 1 0
github.com/emergent/emergent-core/domain/datasource/module.go:100.2,108.8 1 0
github.com/emergent/emergent-core/domain/datasource/module.go:112.82,125.2 6 0
github.com/emergent/emergent-core/domain/datasource/module.go:128.76,129.18 1 0
github.com/emergent/emergent-core/domain/datasource/module.go:129.18,131.3 1 0
github.com/emergent/emergent-core/domain/datasource/module.go:133.2,134.44 1 0
github.com/emergent/emergent-core/domain/datasource/module.go:134.44,136.4 1 0
github.com/emergent/emergent-core/domain/datasource/module.go:137.43,139.4 1 0
github.com/emergent/emergent-core/domain/datasource/provider.go:77.46,81.2 1 1
github.com/emergent/emergent-core/domain/datasource/provider.go:84.56,88.2 3 1
github.com/emergent/emergent-core/domain/datasource/provider.go:91.70,96.2 4 1
github.com/emergent/emergent-core/domain/datasource/provider.go:99.49,103.29 4 1
github.com/emergent/emergent-core/domain/datasource/provider.go:103.29,105.3 1 1
github.com/emergent/emergent-core/domain/datasource/provider.go:106.2,106.14 1 1
github.com/emergent/emergent-core/domain/datasource/provider.go:115.57,117.2 1 1
github.com/emergent/emergent-core/domain/datasource/provider.go:119.46,121.2 1 1
github.com/emergent/emergent-core/domain/datasource/provider.go:123.89,125.2 1 1
github.com/emergent/emergent-core/domain/datasource/provider.go:127.142,129.21 1 1
github.com/emergent/emergent-core/domain/datasource/provider.go:129.21,134.3 1 1
github.com/emergent/emergent-core/domain/datasource/provider.go:136.2,142.8 1 1
github.com/emergent/emergent-core/domain/datasource/worker.go:36.127,44.2 1 0
github.com/emergent/emergent-core/domain/datasource/worker.go:47.51,49.15 2 0
github.com/emergent/emergent-core/domain/datasource/worker.go:49.15,52.3 2 0
github.com/emergent/emergent-core/domain/datasource/worker.go:54.2,54.20 1 0
github.com/emergent/emergent-core/domain/datasource/worker.go:54.20,58.3 3 0
github.com/emergent/emergent-core/domain/datasource/worker.go:60.2,75.12 9 0
github.com/emergent/emergent-core/domain/datasource/worker.go:79.50,81.16 2 0
github.com/emergent/emergent-core/domain/datasource/worker.go:81.16,84.3 2 0
github.com/emergent/emergent-core/domain/datasource/worker.go:85.2,91.9 5 0
github.com/emergent/emergent-core/domain/datasource/worker.go:92.19,93.59 1 0
github.com/emergent/emergent-core/domain/datasource/worker.go:94.20,95.53 1 0
github.com/emergent/emergent-core/domain/datasource/worker.go:98.2,98.12 1 0
github.com/emergent/emergent-core/domain/datasource/worker.go:102.65,104.16 2 0
github.com/emergent/emergent-core/domain/datasource/worker.go:104.16,108.3 2 0
github.com/emergent/emergent-core/domain/datasource/worker.go:109.2,109.19 1 0
github.com/emergent/emergent-core/domain/datasource/worker.go:109.19,112.3 1 0
[...]
github.com/emergent/emergent-core/pkg/auth/user_profile.go:104.16,106.3 1 0
github.com/emergent/emergent-core/pkg/auth/user_profile.go:108.2,108.20 1 0
github.com/emergent/emergent-core/pkg/auth/user_profile.go:108.20,110.38 1 0
github.com/emergent/emergent-core/pkg/auth/user_profile.go:110.38,112.4 1 0
github.com/emergent/emergent-core/pkg/auth/user_profile.go:113.3,113.22 1 0
github.com/emergent/emergent-core/pkg/auth/user_profile.go:117.2,125.43 3 0
github.com/emergent/emergent-core/pkg/auth/user_profile.go:125.43,141.17 3 0
github.com/emergent/emergent-core/pkg/auth/user_profile.go:141.17,143.4 1 0
github.com/emergent/emergent-core/pkg/auth/user_profile.go:145.3,149.38 3 0
github.com/emergent/emergent-core/pkg/auth/user_profile.go:149.38,152.4 2 0
github.com/emergent/emergent-core/pkg/auth/user_profile.go:154.3,154.30 1 0
github.com/emergent/emergent-core/pkg/auth/user_profile.go:158.2,166.17 3 0
github.com/emergent/emergent-core/pkg/auth/user_profile.go:166.17,167.27 1 0
github.com/emergent/emergent-core/pkg/auth/user_profile.go:167.27,169.4 1 0
github.com/emergent/emergent-core/pkg/auth/user_profile.go:170.3,170.26 1 0
github.com/emergent/emergent-core/pkg/auth/user_profile.go:170.26,172.4 1 0
github.com/emergent/emergent-core/pkg/auth/user_profile.go:173.3,173.29 1 0
github.com/emergent/emergent-core/pkg/auth/user_profile.go:173.29,175.4 1 0
github.com/emergent/emergent-core/pkg/auth/user_profile.go:178.2,185.16 2 0
github.com/emergent/emergent-core/pkg/auth/user_profile.go:185.16,187.3 1 0
github.com/emergent/emergent-core/pkg/auth/user_profile.go:190.2,190.37 1 0
github.com/emergent/emergent-core/pkg/auth/user_profile.go:190.37,193.3 2 0
github.com/emergent/emergent-core/pkg/auth/user_profile.go:195.2,195.24 1 0
github.com/emergent/emergent-core/pkg/auth/user_profile.go:199.91,209.16 3 0
github.com/emergent/emergent-core/pkg/auth/user_profile.go:209.16,211.3 1 0
github.com/emergent/emergent-core/pkg/auth/user_profile.go:212.2,212.19 1 0
github.com/emergent/emergent-core/pkg/auth/user_profile.go:216.89,217.17 1 0
github.com/emergent/emergent-core/pkg/auth/user_profile.go:217.17,219.3 1 0
github.com/emergent/emergent-core/pkg/auth/user_profile.go:222.2,233.36 4 0
github.com/emergent/emergent-core/pkg/auth/user_profile.go:233.36,236.3 1 0
github.com/emergent/emergent-core/pkg/auth/user_profile.go:239.2,253.12 2 0
github.com/emergent/emergent-core/pkg/auth/zitadel.go:69.90,76.2 1 0
github.com/emergent/emergent-core/pkg/auth/zitadel.go:80.102,82.40 1 0
github.com/emergent/emergent-core/pkg/auth/zitadel.go:82.40,84.3 1 0
github.com/emergent/emergent-core/pkg/auth/zitadel.go:87.2,87.72 1 0
github.com/emergent/emergent-core/pkg/auth/zitadel.go:87.72,90.3 2 0
github.com/emergent/emergent-core/pkg/auth/zitadel.go:93.2,94.60 2 0
github.com/emergent/emergent-core/pkg/auth/zitadel.go:94.60,98.3 3 0
github.com/emergent/emergent-core/pkg/auth/zitadel.go:99.2,103.33 3 0
github.com/emergent/emergent-core/pkg/auth/zitadel.go:103.33,106.3 2 0
github.com/emergent/emergent-core/pkg/auth/zitadel.go:109.2,111.50 3 0
github.com/emergent/emergent-core/pkg/auth/zitadel.go:111.50,116.3 3 0
github.com/emergent/emergent-core/pkg/auth/zitadel.go:119.2,136.20 11 0
github.com/emergent/emergent-core/pkg/auth/zitadel.go:140.104,142.21 1 0
github.com/emergent/emergent-core/pkg/auth/zitadel.go:142.21,144.3 1 0
github.com/emergent/emergent-core/pkg/auth/zitadel.go:146.2,146.20 1 0
github.com/emergent/emergent-core/pkg/auth/zitadel.go:146.20,148.3 1 0
github.com/emergent/emergent-core/pkg/auth/zitadel.go:151.2,152.16 2 0
github.com/emergent/emergent-core/pkg/auth/zitadel.go:152.16,156.3 2 0
github.com/emergent/emergent-core/pkg/auth/zitadel.go:158.2,158.33 1 0
github.com/emergent/emergent-core/pkg/auth/zitadel.go:158.33,163.3 3 0
github.com/emergent/emergent-core/pkg/auth/zitadel.go:166.2,181.36 4 0
github.com/emergent/emergent-core/pkg/auth/zitadel.go:181.36,183.3 1 0
github.com/emergent/emergent-core/pkg/auth/zitadel.go:184.2,184.13 1 0
github.com/emergent/emergent-core/pkg/auth/zitadel.go:184.13,186.3 1 0
github.com/emergent/emergent-core/pkg/auth/zitadel.go:188.2,188.20 1 0
github.com/emergent/emergent-core/pkg/auth/zitadel.go:192.95,197.35 3 0
github.com/emergent/emergent-core/pkg/auth/zitadel.go:197.35,199.3 1 0
github.com/emergent/emergent-core/pkg/auth/zitadel.go:199.8,199.46 1 0
github.com/emergent/emergent-core/pkg/auth/zitadel.go:199.46,201.3 1 0
github.com/emergent/emergent-core/pkg/auth/zitadel.go:201.8,203.3 1 0
github.com/emergent/emergent-core/pkg/auth/zitadel.go:205.2,205.16 1 0
github.com/emergent/emergent-core/pkg/auth/zitadel.go:205.16,207.3 1 0
github.com/emergent/emergent-core/pkg/auth/zitadel.go:209.2,215.106 3 0
github.com/emergent/emergent-core/pkg/auth/zitadel.go:245.60,245.79 1 1
github.com/emergent/emergent-core/pkg/auth/zitadel.go:246.60,246.81 1 1
github.com/emergent/emergent-core/pkg/auth/zitadel.go:247.60,247.78 1 1
github.com/emergent/emergent-core/pkg/auth/zitadel.go:248.63,248.93 1 1
github.com/emergent/emergent-core/pkg/auth/zitadel.go:249.60,249.77 1 1
github.com/emergent/emergent-core/pkg/auth/zitadel.go:256.49,258.57 2 1
github.com/emergent/emergent-core/pkg/auth/zitadel.go:258.57,260.3 1 1
github.com/emergent/emergent-core/pkg/auth/zitadel.go:261.2,262.12 2 1
github.com/emergent/emergent-core/pkg/auth/zitadel.go:265.34,267.2 1 1
github.com/emergent/emergent-core/pkg/auth/zitadel.go:270.101,285.16 4 0
github.com/emergent/emergent-core/pkg/auth/zitadel.go:285.16,287.3 1 0
github.com/emergent/emergent-core/pkg/auth/zitadel.go:289.2,290.61 2 0
github.com/emergent/emergent-core/pkg/auth/zitadel.go:290.61,292.3 1 0
github.com/emergent/emergent-core/pkg/auth/zitadel.go:294.2,294.21 1 0
github.com/emergent/emergent-core/pkg/auth/zitadel.go:298.127,303.16 4 0
github.com/emergent/emergent-core/pkg/auth/zitadel.go:303.16,305.3 1 0
github.com/emergent/emergent-core/pkg/auth/zitadel.go:307.2,323.12 2 0
github.com/emergent/emergent-core/pkg/auth/zitadel.go:327.57,330.2 2 1
github.com/emergent/emergent-core/pkg/auth/zitadel.go:333.47,338.2 4 0
github.com/emergent/emergent-core/pkg/auth/zitadel.go:341.41,342.17 1 1
github.com/emergent/emergent-core/pkg/auth/zitadel.go:342.17,344.3 1 1
github.com/emergent/emergent-core/pkg/auth/zitadel.go:345.2,345.34 1 1
github.com/emergent/emergent-core/pkg/adk/model.go:23.78,25.2 1 1
github.com/emergent/emergent-core/pkg/adk/model.go:34.77,39.2 1 1
github.com/emergent/emergent-core/pkg/adk/model.go:45.76,47.2 1 1
github.com/emergent/emergent-core/pkg/adk/model.go:53.102,54.30 1 1
github.com/emergent/emergent-core/pkg/adk/model.go:54.30,56.3 1 1
github.com/emergent/emergent-core/pkg/adk/model.go:57.2,57.34 1 1
github.com/emergent/emergent-core/pkg/adk/model.go:57.34,59.3 1 1
github.com/emergent/emergent-core/pkg/adk/model.go:60.2,60.21 1 1
github.com/emergent/emergent-core/pkg/adk/model.go:60.21,62.3 1 1
github.com/emergent/emergent-core/pkg/adk/model.go:65.2,78.16 4 0
github.com/emergent/emergent-core/pkg/adk/model.go:78.16,80.3 1 0
github.com/emergent/emergent-core/pkg/adk/model.go:82.2,82.17 1 0
github.com/emergent/emergent-core/pkg/adk/model.go:88.77,93.2 1 1
github.com/emergent/emergent-core/pkg/adk/model.go:98.80,103.2 1 1
github.com/emergent/emergent-core/pkg/adk/model.go:106.41,108.2 1 1
github.com/emergent/emergent-core/pkg/adk/model.go:111.43,113.2 1 1
github.com/emergent/emergent-core/pkg/adk/model.go:116.37,118.2 1 1
github.com/emergent/emergent-core/pkg/mathutil/math.go:8.56,9.22 1 1
github.com/emergent/emergent-core/pkg/mathutil/math.go:9.22,11.3 1 1
github.com/emergent/emergent-core/pkg/mathutil/math.go:14.2,15.27 2 1
github.com/emergent/emergent-core/pkg/mathutil/math.go:15.27,17.3 1 1
github.com/emergent/emergent-core/pkg/mathutil/math.go:18.2,22.27 3 1
github.com/emergent/emergent-core/pkg/mathutil/math.go:22.27,25.3 2 1
github.com/emergent/emergent-core/pkg/mathutil/math.go:26.2,30.14 3 1
github.com/emergent/emergent-core/pkg/mathutil/math.go:30.14,32.3 1 1
github.com/emergent/emergent-core/pkg/mathutil/math.go:34.2,34.18 1 1
github.com/emergent/emergent-core/pkg/mathutil/math.go:39.33,41.2 1 1
github.com/emergent/emergent-core/pkg/mathutil/math.go:44.40,45.17 1 1
github.com/emergent/emergent-core/pkg/mathutil/math.go:45.17,47.3 1 1
github.com/emergent/emergent-core/pkg/mathutil/math.go:48.2,48.17 1 1
github.com/emergent/emergent-core/pkg/mathutil/math.go:48.17,50.3 1 1
github.com/emergent/emergent-core/pkg/mathutil/math.go:51.2,51.14 1 1
github.com/emergent/emergent-core/pkg/mathutil/math.go:56.52,57.16 1 1
github.com/emergent/emergent-core/pkg/mathutil/math.go:57.16,59.3 1 1
github.com/emergent/emergent-core/pkg/mathutil/math.go:60.2,60.20 1 1
github.com/emergent/emergent-core/pkg/mathutil/math.go:60.20,62.3 1 1
github.com/emergent/emergent-core/pkg/mathutil/math.go:63.2,63.14 1 1
github.com/emergent/emergent-core/pkg/logger/logger.go:16.31,20.46 2 1
github.com/emergent/emergent-core/pkg/logger/logger.go:20.46,21.31 1 1
github.com/emergent/emergent-core/pkg/logger/logger.go:22.16,23.27 1 1
github.com/emergent/emergent-core/pkg/logger/logger.go:24.15,25.26 1 1
github.com/emergent/emergent-core/pkg/logger/logger.go:26.26,27.26 1 1
github.com/emergent/emergent-core/pkg/logger/logger.go:28.16,29.27 1 1
github.com/emergent/emergent-core/pkg/logger/logger.go:33.2,40.41 3 1
github.com/emergent/emergent-core/pkg/logger/logger.go:40.41,42.3 1 1
github.com/emergent/emergent-core/pkg/logger/logger.go:42.8,44.3 1 1
github.com/emergent/emergent-core/pkg/logger/logger.go:46.2,49.15 3 1
github.com/emergent/emergent-core/pkg/logger/logger.go:53.36,55.2 1 1
github.com/emergent/emergent-core/pkg/logger/logger.go:58.33,60.2 1 1
github.com/emergent/emergent-core/pkg/llm/vertex/client.go:74.41,75.25 1 1
github.com/emergent/emergent-core/pkg/llm/vertex/client.go:75.25,77.3 1 1
github.com/emergent/emergent-core/pkg/llm/vertex/client.go:81.50,82.25 1 1
github.com/emergent/emergent-core/pkg/llm/vertex/client.go:82.25,84.3 1 1
github.com/emergent/emergent-core/pkg/llm/vertex/client.go:88.49,89.25 1 1
github.com/emergent/emergent-core/pkg/llm/vertex/client.go:89.25,91.3 1 1
github.com/emergent/emergent-core/pkg/llm/vertex/client.go:95.48,96.25 1 1
github.com/emergent/emergent-core/pkg/llm/vertex/client.go:96.25,98.3 1 1
github.com/emergent/emergent-core/pkg/llm/vertex/client.go:102.88,103.25 1 0
github.com/emergent/emergent-core/pkg/llm/vertex/client.go:103.25,105.3 1 0
github.com/emergent/emergent-core/pkg/llm/vertex/client.go:106.2,106.24 1 0
github.com/emergent/emergent-core/pkg/llm/vertex/client.go:106.24,108.3 1 0
github.com/emergent/emergent-core/pkg/llm/vertex/client.go:109.2,109.21 1 0
github.com/emergent/emergent-core/pkg/llm/vertex/client.go:109.21,111.3 1 0
github.com/emergent/emergent-core/pkg/llm/vertex/client.go:112.2,112.22 1 0
github.com/emergent/emergent-core/pkg/llm/vertex/client.go:112.22,114.3 1 0
github.com/emergent/emergent-core/pkg/llm/vertex/client.go:115.2,115.26 1 0
github.com/emergent/emergent-core/pkg/llm/vertex/client.go:115.26,117.3 1 0
github.com/emergent/emergent-core/pkg/llm/vertex/client.go:118.2,118.30 1 0
github.com/emergent/emergent-core/pkg/llm/vertex/client.go:118.30,120.3 1 0
github.com/emergent/emergent-core/pkg/llm/vertex/client.go:123.2,124.16 2 0
github.com/emergent/emergent-core/pkg/llm/vertex/client.go:124.16,126.3 1 0
github.com/emergent/emergent-core/pkg/llm/vertex/client.go:128.2,144.27 2 0
github.com/emergent/emergent-core/pkg/llm/vertex/client.go:144.27,146.3 1 0
github.com/emergent/emergent-core/pkg/llm/vertex/client.go:148.2,148.15 1 0
github.com/emergent/emergent-core/pkg/llm/vertex/client.go:233.94,237.58 3 0
github.com/emergent/emergent-core/pkg/llm/vertex/client.go:237.58,239.3 1 0
github.com/emergent/emergent-core/pkg/llm/vertex/client.go:240.2,240.16 1 0
github.com/emergent/emergent-core/pkg/llm/vertex/client.go:240.16,242.3 1 0
github.com/emergent/emergent-core/pkg/llm/vertex/client.go:244.2,247.8 1 0
github.com/emergent/emergent-core/pkg/llm/vertex/client.go:251.106,259.28 3 0
github.com/emergent/emergent-core/pkg/llm/vertex/client.go:259.28,261.3 1 0
github.com/emergent/emergent-core/pkg/llm/vertex/client.go:262.2,263.32 2 0
github.com/emergent/emergent-core/pkg/llm/vertex/client.go:263.32,265.3 1 0
github.com/emergent/emergent-core/pkg/llm/vertex/client.go:267.2,281.28 2 0
github.com/emergent/emergent-core/pkg/llm/vertex/client.go:281.28,285.3 1 0
github.com/emergent/emergent-core/pkg/llm/vertex/client.go:287.2,288.16 2 0
github.com/emergent/emergent-core/pkg/llm/vertex/client.go:288.16,290.3 1 0
github.com/emergent/emergent-core/pkg/llm/vertex/client.go:293.2,294.55 2 0
github.com/emergent/emergent-core/pkg/llm/vertex/client.go:294.55,295.18 1 0
github.com/emergent/emergent-core/pkg/llm/vertex/client.go:295.18,301.11 3 0
github.com/emergent/emergent-core/pkg/llm/vertex/client.go:302.22,303.21 1 0
github.com/emergent/emergent-core/pkg/llm/vertex/client.go:304.29,304.29 0 0
github.com/emergent/emergent-core/pkg/llm/vertex/client.go:308.3,309.21 2 0
github.com/emergent/emergent-core/pkg/llm/vertex/client.go:309.21,311.4 1 0
github.com/emergent/emergent-core/pkg/llm/vertex/client.go:314.3,314.23 1 0
github.com/emergent/emergent-core/pkg/llm/vertex/client.go:314.23,316.4 1 0
github.com/emergent/emergent-core/pkg/llm/vertex/client.go:319.3,319.46 1 0
github.com/emergent/emergent-core/pkg/llm/vertex/client.go:319.46,322.4 1 0
github.com/emergent/emergent-core/pkg/llm/vertex/client.go:324.3,327.4 1 0
github.com/emergent/emergent-core/pkg/llm/vertex/client.go:330.2,330.57 1 0
github.com/emergent/emergent-core/pkg/llm/vertex/client.go:334.108,337.16 2 0
github.com/emergent/emergent-core/pkg/llm/vertex/client.go:337.16,339.3 1 0
github.com/emergent/emergent-core/pkg/llm/vertex/client.go:341.2,342.16 2 0
github.com/emergent/emergent-core/pkg/llm/vertex/client.go:342.16,344.3 1 0
github.com/emergent/emergent-core/pkg/llm/vertex/client.go:346.2,351.16 5 0
github.com/emergent/emergent-core/pkg/llm/vertex/client.go:351.16,353.3 1 0
github.com/emergent/emergent-core/pkg/llm/vertex/client.go:354.2,357.38 2 0
github.com/emergent/emergent-core/pkg/llm/vertex/client.go:357.38,363.27 2 0
github.com/emergent/emergent-core/pkg/llm/vertex/client.go:363.27,368.4 1 0
github.com/emergent/emergent-core/pkg/llm/vertex/client.go:369.3,369.75 1 0
github.com/emergent/emergent-core/pkg/llm/vertex/client.go:373.2,373.45 1 0
github.com/emergent/emergent-core/pkg/llm/vertex/client.go:377.79,382.21 3 0
github.com/emergent/emergent-core/pkg/llm/vertex/client.go:382.21,386.49 2 0
github.com/emergent/emergent-core/pkg/llm/vertex/client.go:386.49,387.12 1 0
github.com/emergent/emergent-core/pkg/llm/vertex/client.go:391.3,391.40 1 0
github.com/emergent/emergent-core/pkg/llm/vertex/client.go:391.40,395.24 2 0
github.com/emergent/emergent-core/pkg/llm/vertex/client.go:395.24,396.13 1 0
github.com/emergent/emergent-core/pkg/llm/vertex/client.go:399.4,400.68 2 0
github.com/emergent/emergent-core/pkg/llm/vertex/client.go:400.68,405.13 2 0
github.com/emergent/emergent-core/pkg/llm/vertex/client.go:409.4,409.52 1 0
github.com/emergent/emergent-core/pkg/llm/vertex/client.go:409.52,411.43 1 0
github.com/emergent/emergent-core/pkg/llm/vertex/client.go:411.43,413.6 1 0
github.com/emergent/emergent-core/pkg/llm/vertex/client.go:414.5,414.47 1 0
github.com/emergent/emergent-core/pkg/llm/vertex/client.go:414.47,416.6 1 0
github.com/emergent/emergent-core/pkg/llm/vertex/client.go:418.5,418.50 1 0
github.com/emergent/emergent-core/pkg/llm/vertex/client.go:418.50,419.25 1 0
github.com/emergent/emergent-core/pkg/llm/vertex/client.go:419.25,421.7 1 0
github.com/emergent/emergent-core/pkg/llm/vertex/client.go:427.2,427.38 1 0
github.com/emergent/emergent-core/pkg/llm/vertex/client.go:427.38,429.3 1 0
github.com/emergent/emergent-core/pkg/llm/vertex/client.go:431.2,431.12 1 0
github.com/emergent/emergent-core/pkg/llm/vertex/client.go:435.62,437.33 2 1
github.com/emergent/emergent-core/pkg/llm/vertex/client.go:437.33,439.3 1 1
github.com/emergent/emergent-core/pkg/llm/vertex/client.go:440.2,440.29 1 1
github.com/emergent/emergent-core/pkg/llm/vertex/client.go:449.41,451.2 1 1
github.com/emergent/emergent-core/pkg/llm/vertex/client.go:454.37,456.2 1 1
github.com/emergent/emergent-core/pkg/llm/vertex/client.go:459.33,461.2 1 1
github.com/emergent/emergent-core/pkg/pgutils/errors.go:18.40,20.2 1 1
github.com/emergent/emergent-core/pkg/pgutils/errors.go:23.44,25.2 1 1
github.com/emergent/emergent-core/pkg/pgutils/errors.go:28.41,30.2 1 1
github.com/emergent/emergent-core/pkg/pgutils/errors.go:33.39,35.2 1 1
github.com/emergent/emergent-core/pkg/pgutils/errors.go:38.53,39.16 1 1
github.com/emergent/emergent-core/pkg/pgutils/errors.go:39.16,41.3 1 1
github.com/emergent/emergent-core/pkg/pgutils/errors.go:42.2,43.106 2 1
github.com/emergent/emergent-core/pkg/pgutils/vector.go:11.39,12.17 1 1
github.com/emergent/emergent-core/pkg/pgutils/vector.go:12.17,14.3 1 1
github.com/emergent/emergent-core/pkg/pgutils/vector.go:16.2,20.22 4 1
github.com/emergent/emergent-core/pkg/pgutils/vector.go:20.22,21.12 1 1
github.com/emergent/emergent-core/pkg/pgutils/vector.go:21.12,23.4 1 1
github.com/emergent/emergent-core/pkg/pgutils/vector.go:24.3,24.64 1 1
github.com/emergent/emergent-core/pkg/pgutils/vector.go:27.2,28.21 2 1
github.com/emergent/emergent-core/pkg/sse/events.go:33.52,39.2 1 1
github.com/emergent/emergent-core/pkg/sse/events.go:48.45,53.2 1 1
github.com/emergent/emergent-core/pkg/sse/events.go:65.83,73.2 1 1
github.com/emergent/emergent-core/pkg/sse/events.go:82.46,87.2 1 1
github.com/emergent/emergent-core/pkg/sse/events.go:95.31,99.2 1 1
github.com/emergent/emergent-core/pkg/sse/writer.go:23.47,29.2 2 1
github.com/emergent/emergent-core/pkg/sse/writer.go:34.32,38.15 3 1
github.com/emergent/emergent-core/pkg/sse/writer.go:38.15,40.3 1 1
github.com/emergent/emergent-core/pkg/sse/writer.go:42.2,48.22 6 1
github.com/emergent/emergent-core/pkg/sse/writer.go:48.22,50.3 1 1
github.com/emergent/emergent-core/pkg/sse/writer.go:52.2,53.12 2 1
github.com/emergent/emergent-core/pkg/sse/writer.go:58.63,62.14 3 1
github.com/emergent/emergent-core/pkg/sse/writer.go:62.14,64.3 1 1
github.com/emergent/emergent-core/pkg/sse/writer.go:66.2,67.16 2 1
github.com/emergent/emergent-core/pkg/sse/writer.go:67.16,69.3 1 1
github.com/emergent/emergent-core/pkg/sse/writer.go:71.2,71.21 1 1
github.com/emergent/emergent-core/pkg/sse/writer.go:71.21,72.71 1 1
github.com/emergent/emergent-core/pkg/sse/writer.go:72.71,74.4 1 1
github.com/emergent/emergent-core/pkg/sse/writer.go:77.2,77.70 1 1
github.com/emergent/emergent-core/pkg/sse/writer.go:77.70,79.3 1 0
github.com/emergent/emergent-core/pkg/sse/writer.go:81.2,81.22 1 1
github.com/emergent/emergent-core/pkg/sse/writer.go:81.22,83.3 1 1
github.com/emergent/emergent-core/pkg/sse/writer.go:85.2,85.12 1 1
github.com/emergent/emergent-core/pkg/sse/writer.go:90.44,92.2 1 1
github.com/emergent/emergent-core/pkg/sse/writer.go:96.46,100.14 3 1
github.com/emergent/emergent-core/pkg/sse/writer.go:100.14,102.3 1 1
github.com/emergent/emergent-core/pkg/sse/writer.go:104.2,104.66 1 1
github.com/emergent/emergent-core/pkg/sse/writer.go:104.66,106.3 1 1
github.com/emergent/emergent-core/pkg/sse/writer.go:108.2,108.22 1 1
github.com/emergent/emergent-core/pkg/sse/writer.go:108.22,110.3 1 1
github.com/emergent/emergent-core/pkg/sse/writer.go:112.2,112.12 1 1
github.com/emergent/emergent-core/pkg/sse/writer.go:117.53,121.14 3 1
github.com/emergent/emergent-core/pkg/sse/writer.go:121.14,123.3 1 1
github.com/emergent/emergent-core/pkg/sse/writer.go:125.2,125.65 1 1
github.com/emergent/emergent-core/pkg/sse/writer.go:125.65,127.3 1 1
github.com/emergent/emergent-core/pkg/sse/writer.go:129.2,129.22 1 1
github.com/emergent/emergent-core/pkg/sse/writer.go:129.22,131.3 1 1
github.com/emergent/emergent-core/pkg/sse/writer.go:133.2,133.12 1 1
github.com/emergent/emergent-core/pkg/sse/writer.go:137.26,141.2 3 1
github.com/emergent/emergent-core/pkg/sse/writer.go:144.34,148.2 3 1
